/home/sana4471/.local/lib/python3.7/site-packages/numpy/core/_asarray.py:171: VisibleDeprecationWarning: Creating an ndarray from ragged nested sequences (which is a list-or-tuple of lists-or-tuples-or ndarrays with different lengths or shapes) is deprecated. If you meant to do this, you must specify 'dtype=object' when creating the ndarray.
  return array(a, dtype, copy=False, order=order, subok=True)
#################### The number of BOLD files:
92
/home/sana4471/projects/rrg-pbellec/sana4471/movie_decoding_sa/data/friends/derivatives/fmriprep-20.1.0/fmriprep/sub-03/ses-001/func/sub-03_ses-001_task-s01e01a_space-MNI152NLin2009cAsym_desc-preproc_bold.nii.gz
(482, 444)
/home/sana4471/projects/rrg-pbellec/sana4471/movie_decoding_sa/data/friends/derivatives/fmriprep-20.1.0/fmriprep/sub-03/ses-001/func/sub-03_ses-001_task-s01e01b_space-MNI152NLin2009cAsym_desc-preproc_bold.nii.gz
(482, 444)
/home/sana4471/projects/rrg-pbellec/sana4471/movie_decoding_sa/data/friends/derivatives/fmriprep-20.1.0/fmriprep/sub-03/ses-001/func/sub-03_ses-001_task-s01e02a_space-MNI152NLin2009cAsym_desc-preproc_bold.nii.gz
(472, 444)
/home/sana4471/projects/rrg-pbellec/sana4471/movie_decoding_sa/data/friends/derivatives/fmriprep-20.1.0/fmriprep/sub-03/ses-001/func/sub-03_ses-001_task-s01e02b_space-MNI152NLin2009cAsym_desc-preproc_bold.nii.gz
(472, 444)
/home/sana4471/projects/rrg-pbellec/sana4471/movie_decoding_sa/data/friends/derivatives/fmriprep-20.1.0/fmriprep/sub-03/ses-002/func/sub-03_ses-002_task-s01e03a_space-MNI152NLin2009cAsym_desc-preproc_bold.nii.gz
(503, 444)
/home/sana4471/projects/rrg-pbellec/sana4471/movie_decoding_sa/data/friends/derivatives/fmriprep-20.1.0/fmriprep/sub-03/ses-002/func/sub-03_ses-002_task-s01e03b_space-MNI152NLin2009cAsym_desc-preproc_bold.nii.gz
(503, 444)
/home/sana4471/projects/rrg-pbellec/sana4471/movie_decoding_sa/data/friends/derivatives/fmriprep-20.1.0/fmriprep/sub-03/ses-002/func/sub-03_ses-002_task-s01e04a_space-MNI152NLin2009cAsym_desc-preproc_bold.nii.gz
(468, 444)
/home/sana4471/projects/rrg-pbellec/sana4471/movie_decoding_sa/data/friends/derivatives/fmriprep-20.1.0/fmriprep/sub-03/ses-002/func/sub-03_ses-002_task-s01e04b_space-MNI152NLin2009cAsym_desc-preproc_bold.nii.gz
(468, 444)
/home/sana4471/projects/rrg-pbellec/sana4471/movie_decoding_sa/data/friends/derivatives/fmriprep-20.1.0/fmriprep/sub-03/ses-003/func/sub-03_ses-003_task-s01e05a_space-MNI152NLin2009cAsym_desc-preproc_bold.nii.gz
(488, 444)
/home/sana4471/projects/rrg-pbellec/sana4471/movie_decoding_sa/data/friends/derivatives/fmriprep-20.1.0/fmriprep/sub-03/ses-003/func/sub-03_ses-003_task-s01e05b_space-MNI152NLin2009cAsym_desc-preproc_bold.nii.gz
(488, 444)
/home/sana4471/projects/rrg-pbellec/sana4471/movie_decoding_sa/data/friends/derivatives/fmriprep-20.1.0/fmriprep/sub-03/ses-003/func/sub-03_ses-003_task-s01e06a_space-MNI152NLin2009cAsym_desc-preproc_bold.nii.gz
(592, 444)
/home/sana4471/projects/rrg-pbellec/sana4471/movie_decoding_sa/data/friends/derivatives/fmriprep-20.1.0/fmriprep/sub-03/ses-003/func/sub-03_ses-003_task-s01e06b_space-MNI152NLin2009cAsym_desc-preproc_bold.nii.gz
(592, 444)
/home/sana4471/projects/rrg-pbellec/sana4471/movie_decoding_sa/data/friends/derivatives/fmriprep-20.1.0/fmriprep/sub-03/ses-004/func/sub-03_ses-004_task-s01e07a_space-MNI152NLin2009cAsym_desc-preproc_bold.nii.gz
(493, 444)
/home/sana4471/projects/rrg-pbellec/sana4471/movie_decoding_sa/data/friends/derivatives/fmriprep-20.1.0/fmriprep/sub-03/ses-004/func/sub-03_ses-004_task-s01e07b_space-MNI152NLin2009cAsym_desc-preproc_bold.nii.gz
(493, 444)
/home/sana4471/projects/rrg-pbellec/sana4471/movie_decoding_sa/data/friends/derivatives/fmriprep-20.1.0/fmriprep/sub-03/ses-004/func/sub-03_ses-004_task-s01e08a_space-MNI152NLin2009cAsym_desc-preproc_bold.nii.gz
(476, 444)
/home/sana4471/projects/rrg-pbellec/sana4471/movie_decoding_sa/data/friends/derivatives/fmriprep-20.1.0/fmriprep/sub-03/ses-004/func/sub-03_ses-004_task-s01e08b_space-MNI152NLin2009cAsym_desc-preproc_bold.nii.gz
(476, 444)
/home/sana4471/projects/rrg-pbellec/sana4471/movie_decoding_sa/data/friends/derivatives/fmriprep-20.1.0/fmriprep/sub-03/ses-005/func/sub-03_ses-005_task-s01e09a_space-MNI152NLin2009cAsym_desc-preproc_bold.nii.gz
(468, 444)
/home/sana4471/projects/rrg-pbellec/sana4471/movie_decoding_sa/data/friends/derivatives/fmriprep-20.1.0/fmriprep/sub-03/ses-005/func/sub-03_ses-005_task-s01e09b_space-MNI152NLin2009cAsym_desc-preproc_bold.nii.gz
(468, 444)
/home/sana4471/projects/rrg-pbellec/sana4471/movie_decoding_sa/data/friends/derivatives/fmriprep-20.1.0/fmriprep/sub-03/ses-005/func/sub-03_ses-005_task-s01e10a_space-MNI152NLin2009cAsym_desc-preproc_bold.nii.gz
(496, 444)
/home/sana4471/projects/rrg-pbellec/sana4471/movie_decoding_sa/data/friends/derivatives/fmriprep-20.1.0/fmriprep/sub-03/ses-005/func/sub-03_ses-005_task-s01e10b_space-MNI152NLin2009cAsym_desc-preproc_bold.nii.gz
(496, 444)
/home/sana4471/projects/rrg-pbellec/sana4471/movie_decoding_sa/data/friends/derivatives/fmriprep-20.1.0/fmriprep/sub-03/ses-006/func/sub-03_ses-006_task-s01e11a_space-MNI152NLin2009cAsym_desc-preproc_bold.nii.gz
(477, 444)
/home/sana4471/projects/rrg-pbellec/sana4471/movie_decoding_sa/data/friends/derivatives/fmriprep-20.1.0/fmriprep/sub-03/ses-006/func/sub-03_ses-006_task-s01e11b_space-MNI152NLin2009cAsym_desc-preproc_bold.nii.gz
(477, 444)
/home/sana4471/projects/rrg-pbellec/sana4471/movie_decoding_sa/data/friends/derivatives/fmriprep-20.1.0/fmriprep/sub-03/ses-006/func/sub-03_ses-006_task-s01e12a_space-MNI152NLin2009cAsym_desc-preproc_bold.nii.gz
(472, 444)
/home/sana4471/projects/rrg-pbellec/sana4471/movie_decoding_sa/data/friends/derivatives/fmriprep-20.1.0/fmriprep/sub-03/ses-006/func/sub-03_ses-006_task-s01e12b_space-MNI152NLin2009cAsym_desc-preproc_bold.nii.gz
(471, 444)
/home/sana4471/projects/rrg-pbellec/sana4471/movie_decoding_sa/data/friends/derivatives/fmriprep-20.1.0/fmriprep/sub-03/ses-007/func/sub-03_ses-007_task-s01e13a_space-MNI152NLin2009cAsym_desc-preproc_bold.nii.gz
(468, 444)
/home/sana4471/projects/rrg-pbellec/sana4471/movie_decoding_sa/data/friends/derivatives/fmriprep-20.1.0/fmriprep/sub-03/ses-007/func/sub-03_ses-007_task-s01e13b_space-MNI152NLin2009cAsym_desc-preproc_bold.nii.gz
(468, 444)
/home/sana4471/projects/rrg-pbellec/sana4471/movie_decoding_sa/data/friends/derivatives/fmriprep-20.1.0/fmriprep/sub-03/ses-007/func/sub-03_ses-007_task-s01e14a_space-MNI152NLin2009cAsym_desc-preproc_bold.nii.gz
(491, 444)
/home/sana4471/projects/rrg-pbellec/sana4471/movie_decoding_sa/data/friends/derivatives/fmriprep-20.1.0/fmriprep/sub-03/ses-007/func/sub-03_ses-007_task-s01e14b_space-MNI152NLin2009cAsym_desc-preproc_bold.nii.gz
(491, 444)
/home/sana4471/projects/rrg-pbellec/sana4471/movie_decoding_sa/data/friends/derivatives/fmriprep-20.1.0/fmriprep/sub-03/ses-008/func/sub-03_ses-008_task-s01e15a_space-MNI152NLin2009cAsym_desc-preproc_bold.nii.gz
(477, 444)
/home/sana4471/projects/rrg-pbellec/sana4471/movie_decoding_sa/data/friends/derivatives/fmriprep-20.1.0/fmriprep/sub-03/ses-008/func/sub-03_ses-008_task-s01e15b_space-MNI152NLin2009cAsym_desc-preproc_bold.nii.gz
(477, 444)
/home/sana4471/projects/rrg-pbellec/sana4471/movie_decoding_sa/data/friends/derivatives/fmriprep-20.1.0/fmriprep/sub-03/ses-008/func/sub-03_ses-008_task-s01e16a_space-MNI152NLin2009cAsym_desc-preproc_bold.nii.gz
(483, 444)
/home/sana4471/projects/rrg-pbellec/sana4471/movie_decoding_sa/data/friends/derivatives/fmriprep-20.1.0/fmriprep/sub-03/ses-008/func/sub-03_ses-008_task-s01e16b_space-MNI152NLin2009cAsym_desc-preproc_bold.nii.gz
(483, 444)
/home/sana4471/projects/rrg-pbellec/sana4471/movie_decoding_sa/data/friends/derivatives/fmriprep-20.1.0/fmriprep/sub-03/ses-009/func/sub-03_ses-009_task-s01e17a_space-MNI152NLin2009cAsym_desc-preproc_bold.nii.gz
(483, 444)
/home/sana4471/projects/rrg-pbellec/sana4471/movie_decoding_sa/data/friends/derivatives/fmriprep-20.1.0/fmriprep/sub-03/ses-009/func/sub-03_ses-009_task-s01e17b_space-MNI152NLin2009cAsym_desc-preproc_bold.nii.gz
(483, 444)
/home/sana4471/projects/rrg-pbellec/sana4471/movie_decoding_sa/data/friends/derivatives/fmriprep-20.1.0/fmriprep/sub-03/ses-009/func/sub-03_ses-009_task-s01e18a_space-MNI152NLin2009cAsym_desc-preproc_bold.nii.gz
(497, 444)
/home/sana4471/projects/rrg-pbellec/sana4471/movie_decoding_sa/data/friends/derivatives/fmriprep-20.1.0/fmriprep/sub-03/ses-009/func/sub-03_ses-009_task-s01e18b_space-MNI152NLin2009cAsym_desc-preproc_bold.nii.gz
(497, 444)
/home/sana4471/projects/rrg-pbellec/sana4471/movie_decoding_sa/data/friends/derivatives/fmriprep-20.1.0/fmriprep/sub-03/ses-010/func/sub-03_ses-010_task-s01e19a_space-MNI152NLin2009cAsym_desc-preproc_bold.nii.gz
(460, 444)
/home/sana4471/projects/rrg-pbellec/sana4471/movie_decoding_sa/data/friends/derivatives/fmriprep-20.1.0/fmriprep/sub-03/ses-010/func/sub-03_ses-010_task-s01e19b_space-MNI152NLin2009cAsym_desc-preproc_bold.nii.gz
(460, 444)
/home/sana4471/projects/rrg-pbellec/sana4471/movie_decoding_sa/data/friends/derivatives/fmriprep-20.1.0/fmriprep/sub-03/ses-010/func/sub-03_ses-010_task-s01e20a_space-MNI152NLin2009cAsym_desc-preproc_bold.nii.gz
(460, 444)
/home/sana4471/projects/rrg-pbellec/sana4471/movie_decoding_sa/data/friends/derivatives/fmriprep-20.1.0/fmriprep/sub-03/ses-010/func/sub-03_ses-010_task-s01e20b_space-MNI152NLin2009cAsym_desc-preproc_bold.nii.gz
(460, 444)
/home/sana4471/projects/rrg-pbellec/sana4471/movie_decoding_sa/data/friends/derivatives/fmriprep-20.1.0/fmriprep/sub-03/ses-011/func/sub-03_ses-011_task-s01e21a_space-MNI152NLin2009cAsym_desc-preproc_bold.nii.gz
(477, 444)
/home/sana4471/projects/rrg-pbellec/sana4471/movie_decoding_sa/data/friends/derivatives/fmriprep-20.1.0/fmriprep/sub-03/ses-011/func/sub-03_ses-011_task-s01e21b_space-MNI152NLin2009cAsym_desc-preproc_bold.nii.gz
(477, 444)
/home/sana4471/projects/rrg-pbellec/sana4471/movie_decoding_sa/data/friends/derivatives/fmriprep-20.1.0/fmriprep/sub-03/ses-011/func/sub-03_ses-011_task-s01e22a_space-MNI152NLin2009cAsym_desc-preproc_bold.nii.gz
(474, 444)
/home/sana4471/projects/rrg-pbellec/sana4471/movie_decoding_sa/data/friends/derivatives/fmriprep-20.1.0/fmriprep/sub-03/ses-011/func/sub-03_ses-011_task-s01e22b_space-MNI152NLin2009cAsym_desc-preproc_bold.nii.gz
(474, 444)
/home/sana4471/projects/rrg-pbellec/sana4471/movie_decoding_sa/data/friends/derivatives/fmriprep-20.1.0/fmriprep/sub-03/ses-012/func/sub-03_ses-012_task-s01e23a_space-MNI152NLin2009cAsym_desc-preproc_bold.nii.gz
(462, 444)
/home/sana4471/projects/rrg-pbellec/sana4471/movie_decoding_sa/data/friends/derivatives/fmriprep-20.1.0/fmriprep/sub-03/ses-012/func/sub-03_ses-012_task-s01e23b_space-MNI152NLin2009cAsym_desc-preproc_bold.nii.gz
(462, 444)
/home/sana4471/projects/rrg-pbellec/sana4471/movie_decoding_sa/data/friends/derivatives/fmriprep-20.1.0/fmriprep/sub-03/ses-012/func/sub-03_ses-012_task-s01e24a_space-MNI152NLin2009cAsym_desc-preproc_bold.nii.gz
(515, 444)
/home/sana4471/projects/rrg-pbellec/sana4471/movie_decoding_sa/data/friends/derivatives/fmriprep-20.1.0/fmriprep/sub-03/ses-012/func/sub-03_ses-012_task-s01e24b_space-MNI152NLin2009cAsym_desc-preproc_bold.nii.gz
(515, 444)
/home/sana4471/projects/rrg-pbellec/sana4471/movie_decoding_sa/data/friends/derivatives/fmriprep-20.1.0/fmriprep/sub-03/ses-013/func/sub-03_ses-013_task-s02e05a_space-MNI152NLin2009cAsym_desc-preproc_bold.nii.gz
(455, 444)
/home/sana4471/projects/rrg-pbellec/sana4471/movie_decoding_sa/data/friends/derivatives/fmriprep-20.1.0/fmriprep/sub-03/ses-013/func/sub-03_ses-013_task-s02e05b_space-MNI152NLin2009cAsym_desc-preproc_bold.nii.gz
(455, 444)
/home/sana4471/projects/rrg-pbellec/sana4471/movie_decoding_sa/data/friends/derivatives/fmriprep-20.1.0/fmriprep/sub-03/ses-013/func/sub-03_ses-013_task-s02e06a_space-MNI152NLin2009cAsym_desc-preproc_bold.nii.gz
(500, 444)
/home/sana4471/projects/rrg-pbellec/sana4471/movie_decoding_sa/data/friends/derivatives/fmriprep-20.1.0/fmriprep/sub-03/ses-013/func/sub-03_ses-013_task-s02e06b_space-MNI152NLin2009cAsym_desc-preproc_bold.nii.gz
(500, 444)
/home/sana4471/projects/rrg-pbellec/sana4471/movie_decoding_sa/data/friends/derivatives/fmriprep-20.1.0/fmriprep/sub-03/ses-014/func/sub-03_ses-014_task-s02e01a_space-MNI152NLin2009cAsym_desc-preproc_bold.nii.gz
(477, 444)
/home/sana4471/projects/rrg-pbellec/sana4471/movie_decoding_sa/data/friends/derivatives/fmriprep-20.1.0/fmriprep/sub-03/ses-014/func/sub-03_ses-014_task-s02e01b_space-MNI152NLin2009cAsym_desc-preproc_bold.nii.gz
(477, 444)
/home/sana4471/projects/rrg-pbellec/sana4471/movie_decoding_sa/data/friends/derivatives/fmriprep-20.1.0/fmriprep/sub-03/ses-014/func/sub-03_ses-014_task-s02e02a_space-MNI152NLin2009cAsym_desc-preproc_bold.nii.gz
(450, 444)
/home/sana4471/projects/rrg-pbellec/sana4471/movie_decoding_sa/data/friends/derivatives/fmriprep-20.1.0/fmriprep/sub-03/ses-014/func/sub-03_ses-014_task-s02e02b_space-MNI152NLin2009cAsym_desc-preproc_bold.nii.gz
(450, 444)
/home/sana4471/projects/rrg-pbellec/sana4471/movie_decoding_sa/data/friends/derivatives/fmriprep-20.1.0/fmriprep/sub-03/ses-015/func/sub-03_ses-015_task-s02e03a_space-MNI152NLin2009cAsym_desc-preproc_bold.nii.gz
(464, 444)
/home/sana4471/projects/rrg-pbellec/sana4471/movie_decoding_sa/data/friends/derivatives/fmriprep-20.1.0/fmriprep/sub-03/ses-015/func/sub-03_ses-015_task-s02e03b_space-MNI152NLin2009cAsym_desc-preproc_bold.nii.gz
(464, 444)
/home/sana4471/projects/rrg-pbellec/sana4471/movie_decoding_sa/data/friends/derivatives/fmriprep-20.1.0/fmriprep/sub-03/ses-015/func/sub-03_ses-015_task-s02e04a_space-MNI152NLin2009cAsym_desc-preproc_bold.nii.gz
(454, 444)
/home/sana4471/projects/rrg-pbellec/sana4471/movie_decoding_sa/data/friends/derivatives/fmriprep-20.1.0/fmriprep/sub-03/ses-015/func/sub-03_ses-015_task-s02e04b_space-MNI152NLin2009cAsym_desc-preproc_bold.nii.gz
(454, 444)
/home/sana4471/projects/rrg-pbellec/sana4471/movie_decoding_sa/data/friends/derivatives/fmriprep-20.1.0/fmriprep/sub-03/ses-015/func/sub-03_ses-015_task-s02e07a_space-MNI152NLin2009cAsym_desc-preproc_bold.nii.gz
(496, 444)
/home/sana4471/projects/rrg-pbellec/sana4471/movie_decoding_sa/data/friends/derivatives/fmriprep-20.1.0/fmriprep/sub-03/ses-015/func/sub-03_ses-015_task-s02e07b_space-MNI152NLin2009cAsym_desc-preproc_bold.nii.gz
(496, 444)
/home/sana4471/projects/rrg-pbellec/sana4471/movie_decoding_sa/data/friends/derivatives/fmriprep-20.1.0/fmriprep/sub-03/ses-016/func/sub-03_ses-016_task-s02e08a_space-MNI152NLin2009cAsym_desc-preproc_bold.nii.gz
(458, 444)
/home/sana4471/projects/rrg-pbellec/sana4471/movie_decoding_sa/data/friends/derivatives/fmriprep-20.1.0/fmriprep/sub-03/ses-016/func/sub-03_ses-016_task-s02e08b_space-MNI152NLin2009cAsym_desc-preproc_bold.nii.gz
(458, 444)
/home/sana4471/projects/rrg-pbellec/sana4471/movie_decoding_sa/data/friends/derivatives/fmriprep-20.1.0/fmriprep/sub-03/ses-016/func/sub-03_ses-016_task-s02e09a_space-MNI152NLin2009cAsym_desc-preproc_bold.nii.gz
(452, 444)
/home/sana4471/projects/rrg-pbellec/sana4471/movie_decoding_sa/data/friends/derivatives/fmriprep-20.1.0/fmriprep/sub-03/ses-016/func/sub-03_ses-016_task-s02e09b_space-MNI152NLin2009cAsym_desc-preproc_bold.nii.gz
(452, 444)
/home/sana4471/projects/rrg-pbellec/sana4471/movie_decoding_sa/data/friends/derivatives/fmriprep-20.1.0/fmriprep/sub-03/ses-017/func/sub-03_ses-017_task-s02e10a_space-MNI152NLin2009cAsym_desc-preproc_bold.nii.gz
(479, 444)
/home/sana4471/projects/rrg-pbellec/sana4471/movie_decoding_sa/data/friends/derivatives/fmriprep-20.1.0/fmriprep/sub-03/ses-017/func/sub-03_ses-017_task-s02e10b_space-MNI152NLin2009cAsym_desc-preproc_bold.nii.gz
(479, 444)
/home/sana4471/projects/rrg-pbellec/sana4471/movie_decoding_sa/data/friends/derivatives/fmriprep-20.1.0/fmriprep/sub-03/ses-017/func/sub-03_ses-017_task-s02e11a_space-MNI152NLin2009cAsym_desc-preproc_bold.nii.gz
(488, 444)
/home/sana4471/projects/rrg-pbellec/sana4471/movie_decoding_sa/data/friends/derivatives/fmriprep-20.1.0/fmriprep/sub-03/ses-017/func/sub-03_ses-017_task-s02e11b_space-MNI152NLin2009cAsym_desc-preproc_bold.nii.gz
(488, 444)
/home/sana4471/projects/rrg-pbellec/sana4471/movie_decoding_sa/data/friends/derivatives/fmriprep-20.1.0/fmriprep/sub-03/ses-018/func/sub-03_ses-018_task-s02e12a_space-MNI152NLin2009cAsym_desc-preproc_bold.nii.gz
(488, 444)
/home/sana4471/projects/rrg-pbellec/sana4471/movie_decoding_sa/data/friends/derivatives/fmriprep-20.1.0/fmriprep/sub-03/ses-018/func/sub-03_ses-018_task-s02e12b_space-MNI152NLin2009cAsym_desc-preproc_bold.nii.gz
(488, 444)
/home/sana4471/projects/rrg-pbellec/sana4471/movie_decoding_sa/data/friends/derivatives/fmriprep-20.1.0/fmriprep/sub-03/ses-019/func/sub-03_ses-019_task-s02e13a_space-MNI152NLin2009cAsym_desc-preproc_bold.nii.gz
(488, 444)
/home/sana4471/projects/rrg-pbellec/sana4471/movie_decoding_sa/data/friends/derivatives/fmriprep-20.1.0/fmriprep/sub-03/ses-019/func/sub-03_ses-019_task-s02e13b_space-MNI152NLin2009cAsym_desc-preproc_bold.nii.gz
(488, 444)
/home/sana4471/projects/rrg-pbellec/sana4471/movie_decoding_sa/data/friends/derivatives/fmriprep-20.1.0/fmriprep/sub-03/ses-020/func/sub-03_ses-020_task-s02e14a_space-MNI152NLin2009cAsym_desc-preproc_bold.nii.gz
(474, 444)
/home/sana4471/projects/rrg-pbellec/sana4471/movie_decoding_sa/data/friends/derivatives/fmriprep-20.1.0/fmriprep/sub-03/ses-020/func/sub-03_ses-020_task-s02e14b_space-MNI152NLin2009cAsym_desc-preproc_bold.nii.gz
(474, 444)
/home/sana4471/projects/rrg-pbellec/sana4471/movie_decoding_sa/data/friends/derivatives/fmriprep-20.1.0/fmriprep/sub-03/ses-020/func/sub-03_ses-020_task-s02e15a_space-MNI152NLin2009cAsym_desc-preproc_bold.nii.gz
(466, 444)
/home/sana4471/projects/rrg-pbellec/sana4471/movie_decoding_sa/data/friends/derivatives/fmriprep-20.1.0/fmriprep/sub-03/ses-020/func/sub-03_ses-020_task-s02e15b_space-MNI152NLin2009cAsym_desc-preproc_bold.nii.gz
(466, 444)
/home/sana4471/projects/rrg-pbellec/sana4471/movie_decoding_sa/data/friends/derivatives/fmriprep-20.1.0/fmriprep/sub-03/ses-021/func/sub-03_ses-021_task-s02e16a_space-MNI152NLin2009cAsym_desc-preproc_bold.nii.gz
(478, 444)
/home/sana4471/projects/rrg-pbellec/sana4471/movie_decoding_sa/data/friends/derivatives/fmriprep-20.1.0/fmriprep/sub-03/ses-021/func/sub-03_ses-021_task-s02e16b_space-MNI152NLin2009cAsym_desc-preproc_bold.nii.gz
(478, 444)
/home/sana4471/projects/rrg-pbellec/sana4471/movie_decoding_sa/data/friends/derivatives/fmriprep-20.1.0/fmriprep/sub-03/ses-021/func/sub-03_ses-021_task-s02e17a_space-MNI152NLin2009cAsym_desc-preproc_bold.nii.gz
(489, 444)
/home/sana4471/projects/rrg-pbellec/sana4471/movie_decoding_sa/data/friends/derivatives/fmriprep-20.1.0/fmriprep/sub-03/ses-021/func/sub-03_ses-021_task-s02e17b_space-MNI152NLin2009cAsym_desc-preproc_bold.nii.gz
(489, 444)
/home/sana4471/projects/rrg-pbellec/sana4471/movie_decoding_sa/data/friends/derivatives/fmriprep-20.1.0/fmriprep/sub-03/ses-022/func/sub-03_ses-022_task-s02e18a_space-MNI152NLin2009cAsym_desc-preproc_bold.nii.gz
(460, 444)
/home/sana4471/projects/rrg-pbellec/sana4471/movie_decoding_sa/data/friends/derivatives/fmriprep-20.1.0/fmriprep/sub-03/ses-022/func/sub-03_ses-022_task-s02e18b_space-MNI152NLin2009cAsym_desc-preproc_bold.nii.gz
(460, 444)
/home/sana4471/projects/rrg-pbellec/sana4471/movie_decoding_sa/data/friends/derivatives/fmriprep-20.1.0/fmriprep/sub-03/ses-023/func/sub-03_ses-023_task-s02e19a_space-MNI152NLin2009cAsym_desc-preproc_bold.nii.gz
(478, 444)
/home/sana4471/projects/rrg-pbellec/sana4471/movie_decoding_sa/data/friends/derivatives/fmriprep-20.1.0/fmriprep/sub-03/ses-023/func/sub-03_ses-023_task-s02e19b_space-MNI152NLin2009cAsym_desc-preproc_bold.nii.gz
(478, 444)
/home/sana4471/projects/rrg-pbellec/sana4471/movie_decoding_sa/data/friends/derivatives/fmriprep-20.1.0/fmriprep/sub-03/ses-023/func/sub-03_ses-023_task-s02e20a_space-MNI152NLin2009cAsym_desc-preproc_bold.nii.gz
(449, 444)
/home/sana4471/projects/rrg-pbellec/sana4471/movie_decoding_sa/data/friends/derivatives/fmriprep-20.1.0/fmriprep/sub-03/ses-023/func/sub-03_ses-023_task-s02e20b_space-MNI152NLin2009cAsym_desc-preproc_bold.nii.gz
(449, 444)
/home/sana4471/projects/rrg-pbellec/sana4471/movie_decoding_sa/data/friends/derivatives/fmriprep-20.1.0/fmriprep/sub-03/ses-024/func/sub-03_ses-024_task-s02e21a_space-MNI152NLin2009cAsym_desc-preproc_bold.nii.gz
(470, 444)
/home/sana4471/projects/rrg-pbellec/sana4471/movie_decoding_sa/data/friends/derivatives/fmriprep-20.1.0/fmriprep/sub-03/ses-024/func/sub-03_ses-024_task-s02e21b_space-MNI152NLin2009cAsym_desc-preproc_bold.nii.gz
(470, 444)
/home/sana4471/projects/rrg-pbellec/sana4471/movie_decoding_sa/data/friends/derivatives/fmriprep-20.1.0/fmriprep/sub-03/ses-024/func/sub-03_ses-024_task-s02e22a_space-MNI152NLin2009cAsym_desc-preproc_bold.nii.gz
(453, 444)
/home/sana4471/projects/rrg-pbellec/sana4471/movie_decoding_sa/data/friends/derivatives/fmriprep-20.1.0/fmriprep/sub-03/ses-024/func/sub-03_ses-024_task-s02e22b_space-MNI152NLin2009cAsym_desc-preproc_bold.nii.gz
(453, 444)
##################### Done!
