/home/sana4471/.local/lib/python3.7/site-packages/nilearn/input_data/__init__.py:27: FutureWarning: The import path 'nilearn.input_data' is deprecated in version 0.9. Importing from 'nilearn.input_data' will be possible at least until release 0.13.0. Please import from 'nilearn.maskers' instead.
  warnings.warn(message, FutureWarning)
/home/sana4471/.local/lib/python3.7/site-packages/sklearn/preprocessing/_data.py:236: UserWarning: Numerical issues were encountered when centering the data and might not be solved. Dataset may contain too large values. You may need to prescale your features.
  "Numerical issues were encountered "
/home/sana4471/.local/lib/python3.7/site-packages/sklearn/preprocessing/_data.py:236: UserWarning: Numerical issues were encountered when centering the data and might not be solved. Dataset may contain too large values. You may need to prescale your features.
  "Numerical issues were encountered "
/home/sana4471/.local/lib/python3.7/site-packages/sklearn/preprocessing/_data.py:236: UserWarning: Numerical issues were encountered when centering the data and might not be solved. Dataset may contain too large values. You may need to prescale your features.
  "Numerical issues were encountered "
/home/sana4471/.local/lib/python3.7/site-packages/sklearn/preprocessing/_data.py:236: UserWarning: Numerical issues were encountered when centering the data and might not be solved. Dataset may contain too large values. You may need to prescale your features.
  "Numerical issues were encountered "
/home/sana4471/.local/lib/python3.7/site-packages/sklearn/preprocessing/_data.py:236: UserWarning: Numerical issues were encountered when centering the data and might not be solved. Dataset may contain too large values. You may need to prescale your features.
  "Numerical issues were encountered "
/home/sana4471/.local/lib/python3.7/site-packages/sklearn/preprocessing/_data.py:236: UserWarning: Numerical issues were encountered when centering the data and might not be solved. Dataset may contain too large values. You may need to prescale your features.
  "Numerical issues were encountered "
/home/sana4471/.local/lib/python3.7/site-packages/sklearn/preprocessing/_data.py:236: UserWarning: Numerical issues were encountered when centering the data and might not be solved. Dataset may contain too large values. You may need to prescale your features.
  "Numerical issues were encountered "
/home/sana4471/.local/lib/python3.7/site-packages/sklearn/preprocessing/_data.py:236: UserWarning: Numerical issues were encountered when centering the data and might not be solved. Dataset may contain too large values. You may need to prescale your features.
  "Numerical issues were encountered "
/home/sana4471/.local/lib/python3.7/site-packages/sklearn/preprocessing/_data.py:236: UserWarning: Numerical issues were encountered when centering the data and might not be solved. Dataset may contain too large values. You may need to prescale your features.
  "Numerical issues were encountered "
/home/sana4471/.local/lib/python3.7/site-packages/sklearn/preprocessing/_data.py:236: UserWarning: Numerical issues were encountered when centering the data and might not be solved. Dataset may contain too large values. You may need to prescale your features.
  "Numerical issues were encountered "
/home/sana4471/.local/lib/python3.7/site-packages/sklearn/preprocessing/_data.py:236: UserWarning: Numerical issues were encountered when centering the data and might not be solved. Dataset may contain too large values. You may need to prescale your features.
  "Numerical issues were encountered "
/home/sana4471/.local/lib/python3.7/site-packages/sklearn/preprocessing/_data.py:236: UserWarning: Numerical issues were encountered when centering the data and might not be solved. Dataset may contain too large values. You may need to prescale your features.
  "Numerical issues were encountered "
/home/sana4471/.local/lib/python3.7/site-packages/sklearn/preprocessing/_data.py:236: UserWarning: Numerical issues were encountered when centering the data and might not be solved. Dataset may contain too large values. You may need to prescale your features.
  "Numerical issues were encountered "
/home/sana4471/.local/lib/python3.7/site-packages/sklearn/preprocessing/_data.py:236: UserWarning: Numerical issues were encountered when centering the data and might not be solved. Dataset may contain too large values. You may need to prescale your features.
  "Numerical issues were encountered "
/home/sana4471/.local/lib/python3.7/site-packages/sklearn/preprocessing/_data.py:236: UserWarning: Numerical issues were encountered when centering the data and might not be solved. Dataset may contain too large values. You may need to prescale your features.
  "Numerical issues were encountered "
/home/sana4471/.local/lib/python3.7/site-packages/sklearn/preprocessing/_data.py:236: UserWarning: Numerical issues were encountered when centering the data and might not be solved. Dataset may contain too large values. You may need to prescale your features.
  "Numerical issues were encountered "
/home/sana4471/.local/lib/python3.7/site-packages/sklearn/preprocessing/_data.py:236: UserWarning: Numerical issues were encountered when centering the data and might not be solved. Dataset may contain too large values. You may need to prescale your features.
  "Numerical issues were encountered "
/home/sana4471/.local/lib/python3.7/site-packages/sklearn/preprocessing/_data.py:236: UserWarning: Numerical issues were encountered when centering the data and might not be solved. Dataset may contain too large values. You may need to prescale your features.
  "Numerical issues were encountered "
/home/sana4471/.local/lib/python3.7/site-packages/sklearn/preprocessing/_data.py:236: UserWarning: Numerical issues were encountered when centering the data and might not be solved. Dataset may contain too large values. You may need to prescale your features.
  "Numerical issues were encountered "
/home/sana4471/.local/lib/python3.7/site-packages/sklearn/preprocessing/_data.py:236: UserWarning: Numerical issues were encountered when centering the data and might not be solved. Dataset may contain too large values. You may need to prescale your features.
  "Numerical issues were encountered "
/home/sana4471/.local/lib/python3.7/site-packages/sklearn/preprocessing/_data.py:236: UserWarning: Numerical issues were encountered when centering the data and might not be solved. Dataset may contain too large values. You may need to prescale your features.
  "Numerical issues were encountered "
/home/sana4471/.local/lib/python3.7/site-packages/sklearn/preprocessing/_data.py:236: UserWarning: Numerical issues were encountered when centering the data and might not be solved. Dataset may contain too large values. You may need to prescale your features.
  "Numerical issues were encountered "
/home/sana4471/.local/lib/python3.7/site-packages/sklearn/preprocessing/_data.py:236: UserWarning: Numerical issues were encountered when centering the data and might not be solved. Dataset may contain too large values. You may need to prescale your features.
  "Numerical issues were encountered "
/home/sana4471/.local/lib/python3.7/site-packages/sklearn/preprocessing/_data.py:236: UserWarning: Numerical issues were encountered when centering the data and might not be solved. Dataset may contain too large values. You may need to prescale your features.
  "Numerical issues were encountered "
/home/sana4471/.local/lib/python3.7/site-packages/sklearn/preprocessing/_data.py:236: UserWarning: Numerical issues were encountered when centering the data and might not be solved. Dataset may contain too large values. You may need to prescale your features.
  "Numerical issues were encountered "
/home/sana4471/.local/lib/python3.7/site-packages/sklearn/preprocessing/_data.py:236: UserWarning: Numerical issues were encountered when centering the data and might not be solved. Dataset may contain too large values. You may need to prescale your features.
  "Numerical issues were encountered "
/home/sana4471/.local/lib/python3.7/site-packages/sklearn/preprocessing/_data.py:236: UserWarning: Numerical issues were encountered when centering the data and might not be solved. Dataset may contain too large values. You may need to prescale your features.
  "Numerical issues were encountered "
/home/sana4471/.local/lib/python3.7/site-packages/sklearn/preprocessing/_data.py:236: UserWarning: Numerical issues were encountered when centering the data and might not be solved. Dataset may contain too large values. You may need to prescale your features.
  "Numerical issues were encountered "
/home/sana4471/.local/lib/python3.7/site-packages/sklearn/preprocessing/_data.py:236: UserWarning: Numerical issues were encountered when centering the data and might not be solved. Dataset may contain too large values. You may need to prescale your features.
  "Numerical issues were encountered "
/home/sana4471/.local/lib/python3.7/site-packages/sklearn/preprocessing/_data.py:236: UserWarning: Numerical issues were encountered when centering the data and might not be solved. Dataset may contain too large values. You may need to prescale your features.
  "Numerical issues were encountered "
/home/sana4471/.local/lib/python3.7/site-packages/sklearn/preprocessing/_data.py:236: UserWarning: Numerical issues were encountered when centering the data and might not be solved. Dataset may contain too large values. You may need to prescale your features.
  "Numerical issues were encountered "
/home/sana4471/.local/lib/python3.7/site-packages/sklearn/preprocessing/_data.py:236: UserWarning: Numerical issues were encountered when centering the data and might not be solved. Dataset may contain too large values. You may need to prescale your features.
  "Numerical issues were encountered "
/home/sana4471/.local/lib/python3.7/site-packages/sklearn/preprocessing/_data.py:236: UserWarning: Numerical issues were encountered when centering the data and might not be solved. Dataset may contain too large values. You may need to prescale your features.
  "Numerical issues were encountered "
/home/sana4471/.local/lib/python3.7/site-packages/sklearn/preprocessing/_data.py:236: UserWarning: Numerical issues were encountered when centering the data and might not be solved. Dataset may contain too large values. You may need to prescale your features.
  "Numerical issues were encountered "
/home/sana4471/.local/lib/python3.7/site-packages/sklearn/preprocessing/_data.py:236: UserWarning: Numerical issues were encountered when centering the data and might not be solved. Dataset may contain too large values. You may need to prescale your features.
  "Numerical issues were encountered "
/home/sana4471/.local/lib/python3.7/site-packages/sklearn/preprocessing/_data.py:236: UserWarning: Numerical issues were encountered when centering the data and might not be solved. Dataset may contain too large values. You may need to prescale your features.
  "Numerical issues were encountered "
/home/sana4471/.local/lib/python3.7/site-packages/sklearn/preprocessing/_data.py:236: UserWarning: Numerical issues were encountered when centering the data and might not be solved. Dataset may contain too large values. You may need to prescale your features.
  "Numerical issues were encountered "
/home/sana4471/.local/lib/python3.7/site-packages/sklearn/preprocessing/_data.py:236: UserWarning: Numerical issues were encountered when centering the data and might not be solved. Dataset may contain too large values. You may need to prescale your features.
  "Numerical issues were encountered "
/home/sana4471/.local/lib/python3.7/site-packages/sklearn/preprocessing/_data.py:236: UserWarning: Numerical issues were encountered when centering the data and might not be solved. Dataset may contain too large values. You may need to prescale your features.
  "Numerical issues were encountered "
/home/sana4471/.local/lib/python3.7/site-packages/sklearn/preprocessing/_data.py:236: UserWarning: Numerical issues were encountered when centering the data and might not be solved. Dataset may contain too large values. You may need to prescale your features.
  "Numerical issues were encountered "
/home/sana4471/.local/lib/python3.7/site-packages/sklearn/preprocessing/_data.py:236: UserWarning: Numerical issues were encountered when centering the data and might not be solved. Dataset may contain too large values. You may need to prescale your features.
  "Numerical issues were encountered "
/home/sana4471/.local/lib/python3.7/site-packages/sklearn/preprocessing/_data.py:236: UserWarning: Numerical issues were encountered when centering the data and might not be solved. Dataset may contain too large values. You may need to prescale your features.
  "Numerical issues were encountered "
/home/sana4471/.local/lib/python3.7/site-packages/sklearn/preprocessing/_data.py:236: UserWarning: Numerical issues were encountered when centering the data and might not be solved. Dataset may contain too large values. You may need to prescale your features.
  "Numerical issues were encountered "
/home/sana4471/.local/lib/python3.7/site-packages/sklearn/preprocessing/_data.py:236: UserWarning: Numerical issues were encountered when centering the data and might not be solved. Dataset may contain too large values. You may need to prescale your features.
  "Numerical issues were encountered "
/home/sana4471/.local/lib/python3.7/site-packages/sklearn/preprocessing/_data.py:236: UserWarning: Numerical issues were encountered when centering the data and might not be solved. Dataset may contain too large values. You may need to prescale your features.
  "Numerical issues were encountered "
/home/sana4471/.local/lib/python3.7/site-packages/sklearn/preprocessing/_data.py:236: UserWarning: Numerical issues were encountered when centering the data and might not be solved. Dataset may contain too large values. You may need to prescale your features.
  "Numerical issues were encountered "
/home/sana4471/.local/lib/python3.7/site-packages/sklearn/preprocessing/_data.py:236: UserWarning: Numerical issues were encountered when centering the data and might not be solved. Dataset may contain too large values. You may need to prescale your features.
  "Numerical issues were encountered "
/home/sana4471/.local/lib/python3.7/site-packages/sklearn/preprocessing/_data.py:236: UserWarning: Numerical issues were encountered when centering the data and might not be solved. Dataset may contain too large values. You may need to prescale your features.
  "Numerical issues were encountered "
/home/sana4471/.local/lib/python3.7/site-packages/sklearn/preprocessing/_data.py:236: UserWarning: Numerical issues were encountered when centering the data and might not be solved. Dataset may contain too large values. You may need to prescale your features.
  "Numerical issues were encountered "
/home/sana4471/.local/lib/python3.7/site-packages/sklearn/preprocessing/_data.py:236: UserWarning: Numerical issues were encountered when centering the data and might not be solved. Dataset may contain too large values. You may need to prescale your features.
  "Numerical issues were encountered "
/home/sana4471/.local/lib/python3.7/site-packages/sklearn/preprocessing/_data.py:236: UserWarning: Numerical issues were encountered when centering the data and might not be solved. Dataset may contain too large values. You may need to prescale your features.
  "Numerical issues were encountered "
/home/sana4471/.local/lib/python3.7/site-packages/sklearn/preprocessing/_data.py:236: UserWarning: Numerical issues were encountered when centering the data and might not be solved. Dataset may contain too large values. You may need to prescale your features.
  "Numerical issues were encountered "
/home/sana4471/.local/lib/python3.7/site-packages/sklearn/preprocessing/_data.py:236: UserWarning: Numerical issues were encountered when centering the data and might not be solved. Dataset may contain too large values. You may need to prescale your features.
  "Numerical issues were encountered "
/home/sana4471/.local/lib/python3.7/site-packages/sklearn/preprocessing/_data.py:236: UserWarning: Numerical issues were encountered when centering the data and might not be solved. Dataset may contain too large values. You may need to prescale your features.
  "Numerical issues were encountered "
/home/sana4471/.local/lib/python3.7/site-packages/sklearn/preprocessing/_data.py:236: UserWarning: Numerical issues were encountered when centering the data and might not be solved. Dataset may contain too large values. You may need to prescale your features.
  "Numerical issues were encountered "
/home/sana4471/.local/lib/python3.7/site-packages/sklearn/preprocessing/_data.py:236: UserWarning: Numerical issues were encountered when centering the data and might not be solved. Dataset may contain too large values. You may need to prescale your features.
  "Numerical issues were encountered "
/home/sana4471/.local/lib/python3.7/site-packages/sklearn/preprocessing/_data.py:236: UserWarning: Numerical issues were encountered when centering the data and might not be solved. Dataset may contain too large values. You may need to prescale your features.
  "Numerical issues were encountered "
/home/sana4471/.local/lib/python3.7/site-packages/sklearn/preprocessing/_data.py:236: UserWarning: Numerical issues were encountered when centering the data and might not be solved. Dataset may contain too large values. You may need to prescale your features.
  "Numerical issues were encountered "
/home/sana4471/.local/lib/python3.7/site-packages/sklearn/preprocessing/_data.py:236: UserWarning: Numerical issues were encountered when centering the data and might not be solved. Dataset may contain too large values. You may need to prescale your features.
  "Numerical issues were encountered "
/home/sana4471/.local/lib/python3.7/site-packages/sklearn/preprocessing/_data.py:236: UserWarning: Numerical issues were encountered when centering the data and might not be solved. Dataset may contain too large values. You may need to prescale your features.
  "Numerical issues were encountered "
/home/sana4471/.local/lib/python3.7/site-packages/sklearn/preprocessing/_data.py:236: UserWarning: Numerical issues were encountered when centering the data and might not be solved. Dataset may contain too large values. You may need to prescale your features.
  "Numerical issues were encountered "
/home/sana4471/.local/lib/python3.7/site-packages/numpy/lib/npyio.py:528: VisibleDeprecationWarning: Creating an ndarray from ragged nested sequences (which is a list-or-tuple of lists-or-tuples-or ndarrays with different lengths or shapes) is deprecated. If you meant to do this, you must specify 'dtype=object' when creating the ndarray.
  arr = np.asanyarray(arr)
#################### The number of preproc_bold files :
140
/home/sana4471/BelugaStorage/project_rrg-pbellec/sana4471/movie_decoding_sa/data/friends/derivatives/fmriprep-20.2lts/fmriprep/sub-01/ses-001/func/sub-01_ses-001_task-s01e01a_space-MNI152NLin2009cAsym_desc-preproc_bold.nii.gz
(482, 269555)
/home/sana4471/BelugaStorage/project_rrg-pbellec/sana4471/movie_decoding_sa/data/friends/derivatives/fmriprep-20.2lts/fmriprep/sub-01/ses-001/func/sub-01_ses-001_task-s01e01b_space-MNI152NLin2009cAsym_desc-preproc_bold.nii.gz
(482, 269555)
/home/sana4471/BelugaStorage/project_rrg-pbellec/sana4471/movie_decoding_sa/data/friends/derivatives/fmriprep-20.2lts/fmriprep/sub-01/ses-001/func/sub-01_ses-001_task-s01e02a_space-MNI152NLin2009cAsym_desc-preproc_bold.nii.gz
(472, 269555)
/home/sana4471/BelugaStorage/project_rrg-pbellec/sana4471/movie_decoding_sa/data/friends/derivatives/fmriprep-20.2lts/fmriprep/sub-01/ses-001/func/sub-01_ses-001_task-s01e02b_space-MNI152NLin2009cAsym_desc-preproc_bold.nii.gz
(472, 269555)
/home/sana4471/BelugaStorage/project_rrg-pbellec/sana4471/movie_decoding_sa/data/friends/derivatives/fmriprep-20.2lts/fmriprep/sub-01/ses-002/func/sub-01_ses-002_task-s01e03a_space-MNI152NLin2009cAsym_desc-preproc_bold.nii.gz
(503, 269555)
/home/sana4471/BelugaStorage/project_rrg-pbellec/sana4471/movie_decoding_sa/data/friends/derivatives/fmriprep-20.2lts/fmriprep/sub-01/ses-002/func/sub-01_ses-002_task-s01e03b_space-MNI152NLin2009cAsym_desc-preproc_bold.nii.gz
(503, 269555)
/home/sana4471/BelugaStorage/project_rrg-pbellec/sana4471/movie_decoding_sa/data/friends/derivatives/fmriprep-20.2lts/fmriprep/sub-01/ses-002/func/sub-01_ses-002_task-s01e04a_space-MNI152NLin2009cAsym_desc-preproc_bold.nii.gz
(468, 269555)
/home/sana4471/BelugaStorage/project_rrg-pbellec/sana4471/movie_decoding_sa/data/friends/derivatives/fmriprep-20.2lts/fmriprep/sub-01/ses-002/func/sub-01_ses-002_task-s01e04b_space-MNI152NLin2009cAsym_desc-preproc_bold.nii.gz
(468, 269555)
/home/sana4471/BelugaStorage/project_rrg-pbellec/sana4471/movie_decoding_sa/data/friends/derivatives/fmriprep-20.2lts/fmriprep/sub-01/ses-003/func/sub-01_ses-003_task-s01e05a_space-MNI152NLin2009cAsym_desc-preproc_bold.nii.gz
(488, 269555)
/home/sana4471/BelugaStorage/project_rrg-pbellec/sana4471/movie_decoding_sa/data/friends/derivatives/fmriprep-20.2lts/fmriprep/sub-01/ses-003/func/sub-01_ses-003_task-s01e05b_space-MNI152NLin2009cAsym_desc-preproc_bold.nii.gz
(488, 269555)
/home/sana4471/BelugaStorage/project_rrg-pbellec/sana4471/movie_decoding_sa/data/friends/derivatives/fmriprep-20.2lts/fmriprep/sub-01/ses-003/func/sub-01_ses-003_task-s01e06a_space-MNI152NLin2009cAsym_desc-preproc_bold.nii.gz
(592, 269555)
/home/sana4471/BelugaStorage/project_rrg-pbellec/sana4471/movie_decoding_sa/data/friends/derivatives/fmriprep-20.2lts/fmriprep/sub-01/ses-003/func/sub-01_ses-003_task-s01e06b_space-MNI152NLin2009cAsym_desc-preproc_bold.nii.gz
(592, 269555)
/home/sana4471/BelugaStorage/project_rrg-pbellec/sana4471/movie_decoding_sa/data/friends/derivatives/fmriprep-20.2lts/fmriprep/sub-01/ses-004/func/sub-01_ses-004_task-s01e07a_space-MNI152NLin2009cAsym_desc-preproc_bold.nii.gz
(493, 269555)
/home/sana4471/BelugaStorage/project_rrg-pbellec/sana4471/movie_decoding_sa/data/friends/derivatives/fmriprep-20.2lts/fmriprep/sub-01/ses-004/func/sub-01_ses-004_task-s01e07b_space-MNI152NLin2009cAsym_desc-preproc_bold.nii.gz
(493, 269555)
/home/sana4471/BelugaStorage/project_rrg-pbellec/sana4471/movie_decoding_sa/data/friends/derivatives/fmriprep-20.2lts/fmriprep/sub-01/ses-004/func/sub-01_ses-004_task-s01e08a_space-MNI152NLin2009cAsym_desc-preproc_bold.nii.gz
(476, 269555)
/home/sana4471/BelugaStorage/project_rrg-pbellec/sana4471/movie_decoding_sa/data/friends/derivatives/fmriprep-20.2lts/fmriprep/sub-01/ses-004/func/sub-01_ses-004_task-s01e08b_space-MNI152NLin2009cAsym_desc-preproc_bold.nii.gz
(476, 269555)
/home/sana4471/BelugaStorage/project_rrg-pbellec/sana4471/movie_decoding_sa/data/friends/derivatives/fmriprep-20.2lts/fmriprep/sub-01/ses-004/func/sub-01_ses-004_task-s01e09a_space-MNI152NLin2009cAsym_desc-preproc_bold.nii.gz
(468, 269555)
/home/sana4471/BelugaStorage/project_rrg-pbellec/sana4471/movie_decoding_sa/data/friends/derivatives/fmriprep-20.2lts/fmriprep/sub-01/ses-004/func/sub-01_ses-004_task-s01e09b_space-MNI152NLin2009cAsym_desc-preproc_bold.nii.gz
(468, 269555)
/home/sana4471/BelugaStorage/project_rrg-pbellec/sana4471/movie_decoding_sa/data/friends/derivatives/fmriprep-20.2lts/fmriprep/sub-01/ses-005/func/sub-01_ses-005_task-s01e10a_space-MNI152NLin2009cAsym_desc-preproc_bold.nii.gz
(496, 269555)
/home/sana4471/BelugaStorage/project_rrg-pbellec/sana4471/movie_decoding_sa/data/friends/derivatives/fmriprep-20.2lts/fmriprep/sub-01/ses-005/func/sub-01_ses-005_task-s01e10b_space-MNI152NLin2009cAsym_desc-preproc_bold.nii.gz
(496, 269555)
/home/sana4471/BelugaStorage/project_rrg-pbellec/sana4471/movie_decoding_sa/data/friends/derivatives/fmriprep-20.2lts/fmriprep/sub-01/ses-005/func/sub-01_ses-005_task-s01e11a_space-MNI152NLin2009cAsym_desc-preproc_bold.nii.gz
(477, 269555)
/home/sana4471/BelugaStorage/project_rrg-pbellec/sana4471/movie_decoding_sa/data/friends/derivatives/fmriprep-20.2lts/fmriprep/sub-01/ses-005/func/sub-01_ses-005_task-s01e11b_space-MNI152NLin2009cAsym_desc-preproc_bold.nii.gz
(477, 269555)
/home/sana4471/BelugaStorage/project_rrg-pbellec/sana4471/movie_decoding_sa/data/friends/derivatives/fmriprep-20.2lts/fmriprep/sub-01/ses-006/func/sub-01_ses-006_task-s01e12a_space-MNI152NLin2009cAsym_desc-preproc_bold.nii.gz
(472, 269555)
/home/sana4471/BelugaStorage/project_rrg-pbellec/sana4471/movie_decoding_sa/data/friends/derivatives/fmriprep-20.2lts/fmriprep/sub-01/ses-006/func/sub-01_ses-006_task-s01e12b_space-MNI152NLin2009cAsym_desc-preproc_bold.nii.gz
(471, 269555)
/home/sana4471/BelugaStorage/project_rrg-pbellec/sana4471/movie_decoding_sa/data/friends/derivatives/fmriprep-20.2lts/fmriprep/sub-01/ses-006/func/sub-01_ses-006_task-s01e13a_space-MNI152NLin2009cAsym_desc-preproc_bold.nii.gz
(468, 269555)
/home/sana4471/BelugaStorage/project_rrg-pbellec/sana4471/movie_decoding_sa/data/friends/derivatives/fmriprep-20.2lts/fmriprep/sub-01/ses-006/func/sub-01_ses-006_task-s01e13b_space-MNI152NLin2009cAsym_desc-preproc_bold.nii.gz
(468, 269555)
/home/sana4471/BelugaStorage/project_rrg-pbellec/sana4471/movie_decoding_sa/data/friends/derivatives/fmriprep-20.2lts/fmriprep/sub-01/ses-006/func/sub-01_ses-006_task-s01e14a_space-MNI152NLin2009cAsym_desc-preproc_bold.nii.gz
(491, 269555)
/home/sana4471/BelugaStorage/project_rrg-pbellec/sana4471/movie_decoding_sa/data/friends/derivatives/fmriprep-20.2lts/fmriprep/sub-01/ses-006/func/sub-01_ses-006_task-s01e14b_space-MNI152NLin2009cAsym_desc-preproc_bold.nii.gz
(491, 269555)
/home/sana4471/BelugaStorage/project_rrg-pbellec/sana4471/movie_decoding_sa/data/friends/derivatives/fmriprep-20.2lts/fmriprep/sub-01/ses-007/func/sub-01_ses-007_task-s01e15a_space-MNI152NLin2009cAsym_desc-preproc_bold.nii.gz
(477, 269555)
/home/sana4471/BelugaStorage/project_rrg-pbellec/sana4471/movie_decoding_sa/data/friends/derivatives/fmriprep-20.2lts/fmriprep/sub-01/ses-007/func/sub-01_ses-007_task-s01e15b_space-MNI152NLin2009cAsym_desc-preproc_bold.nii.gz
(477, 269555)
/home/sana4471/BelugaStorage/project_rrg-pbellec/sana4471/movie_decoding_sa/data/friends/derivatives/fmriprep-20.2lts/fmriprep/sub-01/ses-007/func/sub-01_ses-007_task-s01e16a_space-MNI152NLin2009cAsym_desc-preproc_bold.nii.gz
(483, 269555)
/home/sana4471/BelugaStorage/project_rrg-pbellec/sana4471/movie_decoding_sa/data/friends/derivatives/fmriprep-20.2lts/fmriprep/sub-01/ses-007/func/sub-01_ses-007_task-s01e16b_space-MNI152NLin2009cAsym_desc-preproc_bold.nii.gz
(483, 269555)
/home/sana4471/BelugaStorage/project_rrg-pbellec/sana4471/movie_decoding_sa/data/friends/derivatives/fmriprep-20.2lts/fmriprep/sub-01/ses-007/func/sub-01_ses-007_task-s01e17a_space-MNI152NLin2009cAsym_desc-preproc_bold.nii.gz
(483, 269555)
/home/sana4471/BelugaStorage/project_rrg-pbellec/sana4471/movie_decoding_sa/data/friends/derivatives/fmriprep-20.2lts/fmriprep/sub-01/ses-007/func/sub-01_ses-007_task-s01e17b_space-MNI152NLin2009cAsym_desc-preproc_bold.nii.gz
(483, 269555)
/home/sana4471/BelugaStorage/project_rrg-pbellec/sana4471/movie_decoding_sa/data/friends/derivatives/fmriprep-20.2lts/fmriprep/sub-01/ses-008/func/sub-01_ses-008_task-s01e18a_space-MNI152NLin2009cAsym_desc-preproc_bold.nii.gz
(497, 269555)
/home/sana4471/BelugaStorage/project_rrg-pbellec/sana4471/movie_decoding_sa/data/friends/derivatives/fmriprep-20.2lts/fmriprep/sub-01/ses-008/func/sub-01_ses-008_task-s01e18b_space-MNI152NLin2009cAsym_desc-preproc_bold.nii.gz
(497, 269555)
/home/sana4471/BelugaStorage/project_rrg-pbellec/sana4471/movie_decoding_sa/data/friends/derivatives/fmriprep-20.2lts/fmriprep/sub-01/ses-008/func/sub-01_ses-008_task-s01e19a_space-MNI152NLin2009cAsym_desc-preproc_bold.nii.gz
(460, 269555)
/home/sana4471/BelugaStorage/project_rrg-pbellec/sana4471/movie_decoding_sa/data/friends/derivatives/fmriprep-20.2lts/fmriprep/sub-01/ses-008/func/sub-01_ses-008_task-s01e19b_space-MNI152NLin2009cAsym_desc-preproc_bold.nii.gz
(460, 269555)
/home/sana4471/BelugaStorage/project_rrg-pbellec/sana4471/movie_decoding_sa/data/friends/derivatives/fmriprep-20.2lts/fmriprep/sub-01/ses-009/func/sub-01_ses-009_task-s01e20a_space-MNI152NLin2009cAsym_desc-preproc_bold.nii.gz
(460, 269555)
/home/sana4471/BelugaStorage/project_rrg-pbellec/sana4471/movie_decoding_sa/data/friends/derivatives/fmriprep-20.2lts/fmriprep/sub-01/ses-009/func/sub-01_ses-009_task-s01e20b_space-MNI152NLin2009cAsym_desc-preproc_bold.nii.gz
(460, 269555)
/home/sana4471/BelugaStorage/project_rrg-pbellec/sana4471/movie_decoding_sa/data/friends/derivatives/fmriprep-20.2lts/fmriprep/sub-01/ses-009/func/sub-01_ses-009_task-s01e21a_space-MNI152NLin2009cAsym_desc-preproc_bold.nii.gz
(477, 269555)
/home/sana4471/BelugaStorage/project_rrg-pbellec/sana4471/movie_decoding_sa/data/friends/derivatives/fmriprep-20.2lts/fmriprep/sub-01/ses-009/func/sub-01_ses-009_task-s01e21b_space-MNI152NLin2009cAsym_desc-preproc_bold.nii.gz
(477, 269555)
/home/sana4471/BelugaStorage/project_rrg-pbellec/sana4471/movie_decoding_sa/data/friends/derivatives/fmriprep-20.2lts/fmriprep/sub-01/ses-009/func/sub-01_ses-009_task-s01e22a_space-MNI152NLin2009cAsym_desc-preproc_bold.nii.gz
(474, 269555)
/home/sana4471/BelugaStorage/project_rrg-pbellec/sana4471/movie_decoding_sa/data/friends/derivatives/fmriprep-20.2lts/fmriprep/sub-01/ses-009/func/sub-01_ses-009_task-s01e22b_space-MNI152NLin2009cAsym_desc-preproc_bold.nii.gz
(474, 269555)
/home/sana4471/BelugaStorage/project_rrg-pbellec/sana4471/movie_decoding_sa/data/friends/derivatives/fmriprep-20.2lts/fmriprep/sub-01/ses-010/func/sub-01_ses-010_task-s01e23a_space-MNI152NLin2009cAsym_desc-preproc_bold.nii.gz
(462, 269555)
/home/sana4471/BelugaStorage/project_rrg-pbellec/sana4471/movie_decoding_sa/data/friends/derivatives/fmriprep-20.2lts/fmriprep/sub-01/ses-010/func/sub-01_ses-010_task-s01e23b_space-MNI152NLin2009cAsym_desc-preproc_bold.nii.gz
(462, 269555)
/home/sana4471/BelugaStorage/project_rrg-pbellec/sana4471/movie_decoding_sa/data/friends/derivatives/fmriprep-20.2lts/fmriprep/sub-01/ses-010/func/sub-01_ses-010_task-s01e24a_space-MNI152NLin2009cAsym_desc-preproc_bold.nii.gz
(515, 269555)
/home/sana4471/BelugaStorage/project_rrg-pbellec/sana4471/movie_decoding_sa/data/friends/derivatives/fmriprep-20.2lts/fmriprep/sub-01/ses-010/func/sub-01_ses-010_task-s01e24b_space-MNI152NLin2009cAsym_desc-preproc_bold.nii.gz
(515, 269555)
/home/sana4471/BelugaStorage/project_rrg-pbellec/sana4471/movie_decoding_sa/data/friends/derivatives/fmriprep-20.2lts/fmriprep/sub-01/ses-010/func/sub-01_ses-010_task-s02e01a_space-MNI152NLin2009cAsym_desc-preproc_bold.nii.gz
(477, 269555)
/home/sana4471/BelugaStorage/project_rrg-pbellec/sana4471/movie_decoding_sa/data/friends/derivatives/fmriprep-20.2lts/fmriprep/sub-01/ses-010/func/sub-01_ses-010_task-s02e01b_space-MNI152NLin2009cAsym_desc-preproc_bold.nii.gz
(477, 269555)
/home/sana4471/BelugaStorage/project_rrg-pbellec/sana4471/movie_decoding_sa/data/friends/derivatives/fmriprep-20.2lts/fmriprep/sub-01/ses-011/func/sub-01_ses-011_task-s02e02a_space-MNI152NLin2009cAsym_desc-preproc_bold.nii.gz
(450, 269555)
/home/sana4471/BelugaStorage/project_rrg-pbellec/sana4471/movie_decoding_sa/data/friends/derivatives/fmriprep-20.2lts/fmriprep/sub-01/ses-011/func/sub-01_ses-011_task-s02e02b_space-MNI152NLin2009cAsym_desc-preproc_bold.nii.gz
(450, 269555)
/home/sana4471/BelugaStorage/project_rrg-pbellec/sana4471/movie_decoding_sa/data/friends/derivatives/fmriprep-20.2lts/fmriprep/sub-01/ses-011/func/sub-01_ses-011_task-s02e03a_space-MNI152NLin2009cAsym_desc-preproc_bold.nii.gz
(464, 269555)
/home/sana4471/BelugaStorage/project_rrg-pbellec/sana4471/movie_decoding_sa/data/friends/derivatives/fmriprep-20.2lts/fmriprep/sub-01/ses-011/func/sub-01_ses-011_task-s02e03b_space-MNI152NLin2009cAsym_desc-preproc_bold.nii.gz
(464, 269555)
/home/sana4471/BelugaStorage/project_rrg-pbellec/sana4471/movie_decoding_sa/data/friends/derivatives/fmriprep-20.2lts/fmriprep/sub-01/ses-011/func/sub-01_ses-011_task-s02e04a_space-MNI152NLin2009cAsym_desc-preproc_bold.nii.gz
(454, 269555)
/home/sana4471/BelugaStorage/project_rrg-pbellec/sana4471/movie_decoding_sa/data/friends/derivatives/fmriprep-20.2lts/fmriprep/sub-01/ses-011/func/sub-01_ses-011_task-s02e04b_space-MNI152NLin2009cAsym_desc-preproc_bold.nii.gz
(454, 269555)
/home/sana4471/BelugaStorage/project_rrg-pbellec/sana4471/movie_decoding_sa/data/friends/derivatives/fmriprep-20.2lts/fmriprep/sub-01/ses-011/func/sub-01_ses-011_task-s02e05a_space-MNI152NLin2009cAsym_desc-preproc_bold.nii.gz
(455, 269555)
/home/sana4471/BelugaStorage/project_rrg-pbellec/sana4471/movie_decoding_sa/data/friends/derivatives/fmriprep-20.2lts/fmriprep/sub-01/ses-011/func/sub-01_ses-011_task-s02e05b_space-MNI152NLin2009cAsym_desc-preproc_bold.nii.gz
(455, 269555)
/home/sana4471/BelugaStorage/project_rrg-pbellec/sana4471/movie_decoding_sa/data/friends/derivatives/fmriprep-20.2lts/fmriprep/sub-01/ses-012/func/sub-01_ses-012_task-s02e06a_space-MNI152NLin2009cAsym_desc-preproc_bold.nii.gz
(500, 269555)
/home/sana4471/BelugaStorage/project_rrg-pbellec/sana4471/movie_decoding_sa/data/friends/derivatives/fmriprep-20.2lts/fmriprep/sub-01/ses-012/func/sub-01_ses-012_task-s02e06b_space-MNI152NLin2009cAsym_desc-preproc_bold.nii.gz
(500, 269555)
/home/sana4471/BelugaStorage/project_rrg-pbellec/sana4471/movie_decoding_sa/data/friends/derivatives/fmriprep-20.2lts/fmriprep/sub-01/ses-012/func/sub-01_ses-012_task-s02e07a_space-MNI152NLin2009cAsym_desc-preproc_bold.nii.gz
(496, 269555)
/home/sana4471/BelugaStorage/project_rrg-pbellec/sana4471/movie_decoding_sa/data/friends/derivatives/fmriprep-20.2lts/fmriprep/sub-01/ses-012/func/sub-01_ses-012_task-s02e07b_space-MNI152NLin2009cAsym_desc-preproc_bold.nii.gz
(496, 269555)
/home/sana4471/BelugaStorage/project_rrg-pbellec/sana4471/movie_decoding_sa/data/friends/derivatives/fmriprep-20.2lts/fmriprep/sub-01/ses-013/func/sub-01_ses-013_task-s02e08a_space-MNI152NLin2009cAsym_desc-preproc_bold.nii.gz
(458, 269555)
/home/sana4471/BelugaStorage/project_rrg-pbellec/sana4471/movie_decoding_sa/data/friends/derivatives/fmriprep-20.2lts/fmriprep/sub-01/ses-013/func/sub-01_ses-013_task-s02e08b_space-MNI152NLin2009cAsym_desc-preproc_bold.nii.gz
(458, 269555)
/home/sana4471/BelugaStorage/project_rrg-pbellec/sana4471/movie_decoding_sa/data/friends/derivatives/fmriprep-20.2lts/fmriprep/sub-01/ses-013/func/sub-01_ses-013_task-s02e09a_space-MNI152NLin2009cAsym_desc-preproc_bold.nii.gz
(452, 269555)
/home/sana4471/BelugaStorage/project_rrg-pbellec/sana4471/movie_decoding_sa/data/friends/derivatives/fmriprep-20.2lts/fmriprep/sub-01/ses-013/func/sub-01_ses-013_task-s02e09b_space-MNI152NLin2009cAsym_desc-preproc_bold.nii.gz
(452, 269555)
/home/sana4471/BelugaStorage/project_rrg-pbellec/sana4471/movie_decoding_sa/data/friends/derivatives/fmriprep-20.2lts/fmriprep/sub-01/ses-013/func/sub-01_ses-013_task-s02e10a_space-MNI152NLin2009cAsym_desc-preproc_bold.nii.gz
(479, 269555)
/home/sana4471/BelugaStorage/project_rrg-pbellec/sana4471/movie_decoding_sa/data/friends/derivatives/fmriprep-20.2lts/fmriprep/sub-01/ses-013/func/sub-01_ses-013_task-s02e10b_space-MNI152NLin2009cAsym_desc-preproc_bold.nii.gz
(479, 269555)
/home/sana4471/BelugaStorage/project_rrg-pbellec/sana4471/movie_decoding_sa/data/friends/derivatives/fmriprep-20.2lts/fmriprep/sub-01/ses-014/func/sub-01_ses-014_task-s02e11a_space-MNI152NLin2009cAsym_desc-preproc_bold.nii.gz
(488, 269555)
/home/sana4471/BelugaStorage/project_rrg-pbellec/sana4471/movie_decoding_sa/data/friends/derivatives/fmriprep-20.2lts/fmriprep/sub-01/ses-014/func/sub-01_ses-014_task-s02e11b_space-MNI152NLin2009cAsym_desc-preproc_bold.nii.gz
(488, 269555)
/home/sana4471/BelugaStorage/project_rrg-pbellec/sana4471/movie_decoding_sa/data/friends/derivatives/fmriprep-20.2lts/fmriprep/sub-01/ses-014/func/sub-01_ses-014_task-s02e12a_space-MNI152NLin2009cAsym_desc-preproc_bold.nii.gz
(488, 269555)
/home/sana4471/BelugaStorage/project_rrg-pbellec/sana4471/movie_decoding_sa/data/friends/derivatives/fmriprep-20.2lts/fmriprep/sub-01/ses-014/func/sub-01_ses-014_task-s02e12b_space-MNI152NLin2009cAsym_desc-preproc_bold.nii.gz
(488, 269555)
/home/sana4471/BelugaStorage/project_rrg-pbellec/sana4471/movie_decoding_sa/data/friends/derivatives/fmriprep-20.2lts/fmriprep/sub-01/ses-014/func/sub-01_ses-014_task-s02e13a_space-MNI152NLin2009cAsym_desc-preproc_bold.nii.gz
(488, 269555)
/home/sana4471/BelugaStorage/project_rrg-pbellec/sana4471/movie_decoding_sa/data/friends/derivatives/fmriprep-20.2lts/fmriprep/sub-01/ses-014/func/sub-01_ses-014_task-s02e13b_space-MNI152NLin2009cAsym_desc-preproc_bold.nii.gz
(488, 269555)
/home/sana4471/BelugaStorage/project_rrg-pbellec/sana4471/movie_decoding_sa/data/friends/derivatives/fmriprep-20.2lts/fmriprep/sub-01/ses-015/func/sub-01_ses-015_task-s02e14a_space-MNI152NLin2009cAsym_desc-preproc_bold.nii.gz
(474, 269555)
/home/sana4471/BelugaStorage/project_rrg-pbellec/sana4471/movie_decoding_sa/data/friends/derivatives/fmriprep-20.2lts/fmriprep/sub-01/ses-015/func/sub-01_ses-015_task-s02e14b_space-MNI152NLin2009cAsym_desc-preproc_bold.nii.gz
(474, 269555)
/home/sana4471/BelugaStorage/project_rrg-pbellec/sana4471/movie_decoding_sa/data/friends/derivatives/fmriprep-20.2lts/fmriprep/sub-01/ses-015/func/sub-01_ses-015_task-s02e15a_space-MNI152NLin2009cAsym_desc-preproc_bold.nii.gz
(466, 269555)
/home/sana4471/BelugaStorage/project_rrg-pbellec/sana4471/movie_decoding_sa/data/friends/derivatives/fmriprep-20.2lts/fmriprep/sub-01/ses-015/func/sub-01_ses-015_task-s02e15b_space-MNI152NLin2009cAsym_desc-preproc_bold.nii.gz
(466, 269555)
/home/sana4471/BelugaStorage/project_rrg-pbellec/sana4471/movie_decoding_sa/data/friends/derivatives/fmriprep-20.2lts/fmriprep/sub-01/ses-016/func/sub-01_ses-016_task-s02e16a_space-MNI152NLin2009cAsym_desc-preproc_bold.nii.gz
(478, 269555)
/home/sana4471/BelugaStorage/project_rrg-pbellec/sana4471/movie_decoding_sa/data/friends/derivatives/fmriprep-20.2lts/fmriprep/sub-01/ses-016/func/sub-01_ses-016_task-s02e16b_space-MNI152NLin2009cAsym_desc-preproc_bold.nii.gz
(478, 269555)
/home/sana4471/BelugaStorage/project_rrg-pbellec/sana4471/movie_decoding_sa/data/friends/derivatives/fmriprep-20.2lts/fmriprep/sub-01/ses-016/func/sub-01_ses-016_task-s02e17a_space-MNI152NLin2009cAsym_desc-preproc_bold.nii.gz
(489, 269555)
/home/sana4471/BelugaStorage/project_rrg-pbellec/sana4471/movie_decoding_sa/data/friends/derivatives/fmriprep-20.2lts/fmriprep/sub-01/ses-016/func/sub-01_ses-016_task-s02e17b_space-MNI152NLin2009cAsym_desc-preproc_bold.nii.gz
(489, 269555)
/home/sana4471/BelugaStorage/project_rrg-pbellec/sana4471/movie_decoding_sa/data/friends/derivatives/fmriprep-20.2lts/fmriprep/sub-01/ses-017/func/sub-01_ses-017_task-s01e20a_space-MNI152NLin2009cAsym_desc-preproc_bold.nii.gz
(460, 269555)
/home/sana4471/BelugaStorage/project_rrg-pbellec/sana4471/movie_decoding_sa/data/friends/derivatives/fmriprep-20.2lts/fmriprep/sub-01/ses-017/func/sub-01_ses-017_task-s01e20b_space-MNI152NLin2009cAsym_desc-preproc_bold.nii.gz
(460, 269555)
/home/sana4471/BelugaStorage/project_rrg-pbellec/sana4471/movie_decoding_sa/data/friends/derivatives/fmriprep-20.2lts/fmriprep/sub-01/ses-017/func/sub-01_ses-017_task-s01e21a_space-MNI152NLin2009cAsym_desc-preproc_bold.nii.gz
(477, 269555)
/home/sana4471/BelugaStorage/project_rrg-pbellec/sana4471/movie_decoding_sa/data/friends/derivatives/fmriprep-20.2lts/fmriprep/sub-01/ses-017/func/sub-01_ses-017_task-s02e18a_space-MNI152NLin2009cAsym_desc-preproc_bold.nii.gz
(460, 269555)
/home/sana4471/BelugaStorage/project_rrg-pbellec/sana4471/movie_decoding_sa/data/friends/derivatives/fmriprep-20.2lts/fmriprep/sub-01/ses-017/func/sub-01_ses-017_task-s02e18b_space-MNI152NLin2009cAsym_desc-preproc_bold.nii.gz
(460, 269555)
/home/sana4471/BelugaStorage/project_rrg-pbellec/sana4471/movie_decoding_sa/data/friends/derivatives/fmriprep-20.2lts/fmriprep/sub-01/ses-017/func/sub-01_ses-017_task-s02e19a_space-MNI152NLin2009cAsym_desc-preproc_bold.nii.gz
(478, 269555)
/home/sana4471/BelugaStorage/project_rrg-pbellec/sana4471/movie_decoding_sa/data/friends/derivatives/fmriprep-20.2lts/fmriprep/sub-01/ses-017/func/sub-01_ses-017_task-s02e19b_space-MNI152NLin2009cAsym_desc-preproc_bold.nii.gz
(478, 269555)
/home/sana4471/BelugaStorage/project_rrg-pbellec/sana4471/movie_decoding_sa/data/friends/derivatives/fmriprep-20.2lts/fmriprep/sub-01/ses-017/func/sub-01_ses-017_task-s02e21b_space-MNI152NLin2009cAsym_desc-preproc_bold.nii.gz
(470, 269555)
/home/sana4471/BelugaStorage/project_rrg-pbellec/sana4471/movie_decoding_sa/data/friends/derivatives/fmriprep-20.2lts/fmriprep/sub-01/ses-017/func/sub-01_ses-017_task-s02e22a_space-MNI152NLin2009cAsym_desc-preproc_bold.nii.gz
(453, 269555)
/home/sana4471/BelugaStorage/project_rrg-pbellec/sana4471/movie_decoding_sa/data/friends/derivatives/fmriprep-20.2lts/fmriprep/sub-01/ses-017/func/sub-01_ses-017_task-s02e22b_space-MNI152NLin2009cAsym_desc-preproc_bold.nii.gz
(453, 269555)
/home/sana4471/BelugaStorage/project_rrg-pbellec/sana4471/movie_decoding_sa/data/friends/derivatives/fmriprep-20.2lts/fmriprep/sub-01/ses-018/func/sub-01_ses-018_task-s02e23a_space-MNI152NLin2009cAsym_desc-preproc_bold.nii.gz
(456, 269555)
/home/sana4471/BelugaStorage/project_rrg-pbellec/sana4471/movie_decoding_sa/data/friends/derivatives/fmriprep-20.2lts/fmriprep/sub-01/ses-018/func/sub-01_ses-018_task-s02e23b_space-MNI152NLin2009cAsym_desc-preproc_bold.nii.gz
(456, 269555)
/home/sana4471/BelugaStorage/project_rrg-pbellec/sana4471/movie_decoding_sa/data/friends/derivatives/fmriprep-20.2lts/fmriprep/sub-01/ses-018/func/sub-01_ses-018_task-s02e24a_space-MNI152NLin2009cAsym_desc-preproc_bold.nii.gz
(469, 269555)
/home/sana4471/BelugaStorage/project_rrg-pbellec/sana4471/movie_decoding_sa/data/friends/derivatives/fmriprep-20.2lts/fmriprep/sub-01/ses-018/func/sub-01_ses-018_task-s02e24b_space-MNI152NLin2009cAsym_desc-preproc_bold.nii.gz
(469, 269555)
/home/sana4471/BelugaStorage/project_rrg-pbellec/sana4471/movie_decoding_sa/data/friends/derivatives/fmriprep-20.2lts/fmriprep/sub-01/ses-019/func/sub-01_ses-019_task-s03e01a_space-MNI152NLin2009cAsym_desc-preproc_bold.nii.gz
(491, 269555)
/home/sana4471/BelugaStorage/project_rrg-pbellec/sana4471/movie_decoding_sa/data/friends/derivatives/fmriprep-20.2lts/fmriprep/sub-01/ses-019/func/sub-01_ses-019_task-s03e01b_space-MNI152NLin2009cAsym_desc-preproc_bold.nii.gz
(491, 269555)
/home/sana4471/BelugaStorage/project_rrg-pbellec/sana4471/movie_decoding_sa/data/friends/derivatives/fmriprep-20.2lts/fmriprep/sub-01/ses-019/func/sub-01_ses-019_task-s03e02a_space-MNI152NLin2009cAsym_desc-preproc_bold.nii.gz
(475, 269555)
/home/sana4471/BelugaStorage/project_rrg-pbellec/sana4471/movie_decoding_sa/data/friends/derivatives/fmriprep-20.2lts/fmriprep/sub-01/ses-019/func/sub-01_ses-019_task-s03e02b_space-MNI152NLin2009cAsym_desc-preproc_bold.nii.gz
(475, 269555)
/home/sana4471/BelugaStorage/project_rrg-pbellec/sana4471/movie_decoding_sa/data/friends/derivatives/fmriprep-20.2lts/fmriprep/sub-01/ses-019/func/sub-01_ses-019_task-s03e03a_space-MNI152NLin2009cAsym_desc-preproc_bold.nii.gz
(454, 269555)
/home/sana4471/BelugaStorage/project_rrg-pbellec/sana4471/movie_decoding_sa/data/friends/derivatives/fmriprep-20.2lts/fmriprep/sub-01/ses-019/func/sub-01_ses-019_task-s03e03b_space-MNI152NLin2009cAsym_desc-preproc_bold.nii.gz
(454, 269555)
/home/sana4471/BelugaStorage/project_rrg-pbellec/sana4471/movie_decoding_sa/data/friends/derivatives/fmriprep-20.2lts/fmriprep/sub-01/ses-020/func/sub-01_ses-020_task-s03e04a_space-MNI152NLin2009cAsym_desc-preproc_bold.nii.gz
(473, 269555)
/home/sana4471/BelugaStorage/project_rrg-pbellec/sana4471/movie_decoding_sa/data/friends/derivatives/fmriprep-20.2lts/fmriprep/sub-01/ses-020/func/sub-01_ses-020_task-s03e04b_space-MNI152NLin2009cAsym_desc-preproc_bold.nii.gz
(473, 269555)
/home/sana4471/BelugaStorage/project_rrg-pbellec/sana4471/movie_decoding_sa/data/friends/derivatives/fmriprep-20.2lts/fmriprep/sub-01/ses-020/func/sub-01_ses-020_task-s03e05a_space-MNI152NLin2009cAsym_desc-preproc_bold.nii.gz
(484, 269555)
/home/sana4471/BelugaStorage/project_rrg-pbellec/sana4471/movie_decoding_sa/data/friends/derivatives/fmriprep-20.2lts/fmriprep/sub-01/ses-020/func/sub-01_ses-020_task-s03e05b_space-MNI152NLin2009cAsym_desc-preproc_bold.nii.gz
(484, 269555)
/home/sana4471/BelugaStorage/project_rrg-pbellec/sana4471/movie_decoding_sa/data/friends/derivatives/fmriprep-20.2lts/fmriprep/sub-01/ses-020/func/sub-01_ses-020_task-s03e06a_space-MNI152NLin2009cAsym_desc-preproc_bold.nii.gz
(470, 269555)
/home/sana4471/BelugaStorage/project_rrg-pbellec/sana4471/movie_decoding_sa/data/friends/derivatives/fmriprep-20.2lts/fmriprep/sub-01/ses-020/func/sub-01_ses-020_task-s03e06b_space-MNI152NLin2009cAsym_desc-preproc_bold.nii.gz
(470, 269555)
/home/sana4471/BelugaStorage/project_rrg-pbellec/sana4471/movie_decoding_sa/data/friends/derivatives/fmriprep-20.2lts/fmriprep/sub-01/ses-021/func/sub-01_ses-021_task-s03e07a_space-MNI152NLin2009cAsym_desc-preproc_bold.nii.gz
(467, 269555)
/home/sana4471/BelugaStorage/project_rrg-pbellec/sana4471/movie_decoding_sa/data/friends/derivatives/fmriprep-20.2lts/fmriprep/sub-01/ses-021/func/sub-01_ses-021_task-s03e07b_space-MNI152NLin2009cAsym_desc-preproc_bold.nii.gz
(467, 269555)
/home/sana4471/BelugaStorage/project_rrg-pbellec/sana4471/movie_decoding_sa/data/friends/derivatives/fmriprep-20.2lts/fmriprep/sub-01/ses-021/func/sub-01_ses-021_task-s03e08a_space-MNI152NLin2009cAsym_desc-preproc_bold.nii.gz
(460, 269555)
/home/sana4471/BelugaStorage/project_rrg-pbellec/sana4471/movie_decoding_sa/data/friends/derivatives/fmriprep-20.2lts/fmriprep/sub-01/ses-021/func/sub-01_ses-021_task-s03e08b_space-MNI152NLin2009cAsym_desc-preproc_bold.nii.gz
(460, 269555)
/home/sana4471/BelugaStorage/project_rrg-pbellec/sana4471/movie_decoding_sa/data/friends/derivatives/fmriprep-20.2lts/fmriprep/sub-01/ses-021/func/sub-01_ses-021_task-s03e09a_space-MNI152NLin2009cAsym_desc-preproc_bold.nii.gz
(493, 269555)
/home/sana4471/BelugaStorage/project_rrg-pbellec/sana4471/movie_decoding_sa/data/friends/derivatives/fmriprep-20.2lts/fmriprep/sub-01/ses-021/func/sub-01_ses-021_task-s03e09b_space-MNI152NLin2009cAsym_desc-preproc_bold.nii.gz
(493, 269555)
/home/sana4471/BelugaStorage/project_rrg-pbellec/sana4471/movie_decoding_sa/data/friends/derivatives/fmriprep-20.2lts/fmriprep/sub-01/ses-022/func/sub-01_ses-022_task-s03e10a_space-MNI152NLin2009cAsym_desc-preproc_bold.nii.gz
(451, 269555)
/home/sana4471/BelugaStorage/project_rrg-pbellec/sana4471/movie_decoding_sa/data/friends/derivatives/fmriprep-20.2lts/fmriprep/sub-01/ses-022/func/sub-01_ses-022_task-s03e10b_space-MNI152NLin2009cAsym_desc-preproc_bold.nii.gz
(451, 269555)
/home/sana4471/BelugaStorage/project_rrg-pbellec/sana4471/movie_decoding_sa/data/friends/derivatives/fmriprep-20.2lts/fmriprep/sub-01/ses-022/func/sub-01_ses-022_task-s03e11a_space-MNI152NLin2009cAsym_desc-preproc_bold.nii.gz
(457, 269555)
/home/sana4471/BelugaStorage/project_rrg-pbellec/sana4471/movie_decoding_sa/data/friends/derivatives/fmriprep-20.2lts/fmriprep/sub-01/ses-022/func/sub-01_ses-022_task-s03e11b_space-MNI152NLin2009cAsym_desc-preproc_bold.nii.gz
(456, 269555)
/home/sana4471/BelugaStorage/project_rrg-pbellec/sana4471/movie_decoding_sa/data/friends/derivatives/fmriprep-20.2lts/fmriprep/sub-01/ses-022/func/sub-01_ses-022_task-s03e12a_space-MNI152NLin2009cAsym_desc-preproc_bold.nii.gz
(464, 269555)
/home/sana4471/BelugaStorage/project_rrg-pbellec/sana4471/movie_decoding_sa/data/friends/derivatives/fmriprep-20.2lts/fmriprep/sub-01/ses-022/func/sub-01_ses-022_task-s03e12b_space-MNI152NLin2009cAsym_desc-preproc_bold.nii.gz
(464, 269555)
/home/sana4471/BelugaStorage/project_rrg-pbellec/sana4471/movie_decoding_sa/data/friends/derivatives/fmriprep-20.2lts/fmriprep/sub-01/ses-023/func/sub-01_ses-023_task-s03e13a_space-MNI152NLin2009cAsym_desc-preproc_bold.nii.gz
(474, 269555)
/home/sana4471/BelugaStorage/project_rrg-pbellec/sana4471/movie_decoding_sa/data/friends/derivatives/fmriprep-20.2lts/fmriprep/sub-01/ses-023/func/sub-01_ses-023_task-s03e13b_space-MNI152NLin2009cAsym_desc-preproc_bold.nii.gz
(473, 269555)
/home/sana4471/BelugaStorage/project_rrg-pbellec/sana4471/movie_decoding_sa/data/friends/derivatives/fmriprep-20.2lts/fmriprep/sub-01/ses-023/func/sub-01_ses-023_task-s03e14a_space-MNI152NLin2009cAsym_desc-preproc_bold.nii.gz
(458, 269555)
/home/sana4471/BelugaStorage/project_rrg-pbellec/sana4471/movie_decoding_sa/data/friends/derivatives/fmriprep-20.2lts/fmriprep/sub-01/ses-023/func/sub-01_ses-023_task-s03e14b_space-MNI152NLin2009cAsym_desc-preproc_bold.nii.gz
(458, 269555)
/home/sana4471/BelugaStorage/project_rrg-pbellec/sana4471/movie_decoding_sa/data/friends/derivatives/fmriprep-20.2lts/fmriprep/sub-01/ses-024/func/sub-01_ses-024_task-s03e15a_space-MNI152NLin2009cAsym_desc-preproc_bold.nii.gz
(458, 269555)
/home/sana4471/BelugaStorage/project_rrg-pbellec/sana4471/movie_decoding_sa/data/friends/derivatives/fmriprep-20.2lts/fmriprep/sub-01/ses-024/func/sub-01_ses-024_task-s03e15b_space-MNI152NLin2009cAsym_desc-preproc_bold.nii.gz
(458, 269555)
/home/sana4471/BelugaStorage/project_rrg-pbellec/sana4471/movie_decoding_sa/data/friends/derivatives/fmriprep-20.2lts/fmriprep/sub-01/ses-024/func/sub-01_ses-024_task-s03e16a_space-MNI152NLin2009cAsym_desc-preproc_bold.nii.gz
(468, 269555)
/home/sana4471/BelugaStorage/project_rrg-pbellec/sana4471/movie_decoding_sa/data/friends/derivatives/fmriprep-20.2lts/fmriprep/sub-01/ses-024/func/sub-01_ses-024_task-s03e16b_space-MNI152NLin2009cAsym_desc-preproc_bold.nii.gz
(468, 269555)
/home/sana4471/BelugaStorage/project_rrg-pbellec/sana4471/movie_decoding_sa/data/friends/derivatives/fmriprep-20.2lts/fmriprep/sub-01/ses-024/func/sub-01_ses-024_task-s03e17a_space-MNI152NLin2009cAsym_desc-preproc_bold.nii.gz
(454, 269555)
/home/sana4471/BelugaStorage/project_rrg-pbellec/sana4471/movie_decoding_sa/data/friends/derivatives/fmriprep-20.2lts/fmriprep/sub-01/ses-024/func/sub-01_ses-024_task-s03e17b_space-MNI152NLin2009cAsym_desc-preproc_bold.nii.gz
(453, 269555)
/home/sana4471/BelugaStorage/project_rrg-pbellec/sana4471/movie_decoding_sa/data/friends/derivatives/fmriprep-20.2lts/fmriprep/sub-01/ses-025/func/sub-01_ses-025_task-s03e18a_space-MNI152NLin2009cAsym_desc-preproc_bold.nii.gz
(469, 269555)
/home/sana4471/BelugaStorage/project_rrg-pbellec/sana4471/movie_decoding_sa/data/friends/derivatives/fmriprep-20.2lts/fmriprep/sub-01/ses-025/func/sub-01_ses-025_task-s03e18b_space-MNI152NLin2009cAsym_desc-preproc_bold.nii.gz
(469, 269555)
/home/sana4471/BelugaStorage/project_rrg-pbellec/sana4471/movie_decoding_sa/data/friends/derivatives/fmriprep-20.2lts/fmriprep/sub-01/ses-025/func/sub-01_ses-025_task-s03e19a_space-MNI152NLin2009cAsym_desc-preproc_bold.nii.gz
(468, 269555)
/home/sana4471/BelugaStorage/project_rrg-pbellec/sana4471/movie_decoding_sa/data/friends/derivatives/fmriprep-20.2lts/fmriprep/sub-01/ses-025/func/sub-01_ses-025_task-s03e19b_space-MNI152NLin2009cAsym_desc-preproc_bold.nii.gz
(468, 269555)
/home/sana4471/BelugaStorage/project_rrg-pbellec/sana4471/movie_decoding_sa/data/friends/derivatives/fmriprep-20.2lts/fmriprep/sub-01/ses-025/func/sub-01_ses-025_task-s03e20a_space-MNI152NLin2009cAsym_desc-preproc_bold.nii.gz
(464, 269555)
/home/sana4471/BelugaStorage/project_rrg-pbellec/sana4471/movie_decoding_sa/data/friends/derivatives/fmriprep-20.2lts/fmriprep/sub-01/ses-025/func/sub-01_ses-025_task-s03e20b_space-MNI152NLin2009cAsym_desc-preproc_bold.nii.gz
(464, 269555)
/home/sana4471/BelugaStorage/project_rrg-pbellec/sana4471/movie_decoding_sa/data/friends/derivatives/fmriprep-20.2lts/fmriprep/sub-01/ses-026/func/sub-01_ses-026_task-s03e21a_space-MNI152NLin2009cAsym_desc-preproc_bold.nii.gz
(460, 269555)
/home/sana4471/BelugaStorage/project_rrg-pbellec/sana4471/movie_decoding_sa/data/friends/derivatives/fmriprep-20.2lts/fmriprep/sub-01/ses-026/func/sub-01_ses-026_task-s03e21b_space-MNI152NLin2009cAsym_desc-preproc_bold.nii.gz
(460, 269555)
/home/sana4471/BelugaStorage/project_rrg-pbellec/sana4471/movie_decoding_sa/data/friends/derivatives/fmriprep-20.2lts/fmriprep/sub-01/ses-026/func/sub-01_ses-026_task-s03e22a_space-MNI152NLin2009cAsym_desc-preproc_bold.nii.gz
(463, 269555)
/home/sana4471/BelugaStorage/project_rrg-pbellec/sana4471/movie_decoding_sa/data/friends/derivatives/fmriprep-20.2lts/fmriprep/sub-01/ses-026/func/sub-01_ses-026_task-s03e22b_space-MNI152NLin2009cAsym_desc-preproc_bold.nii.gz
(463, 269555)
##################### Done!
