INFO:ridge_corr:Selecting held-out test set..
INFO:ridge_corr:Doing SVD...
INFO:ridge_corr:Dropped 0 tiny singular values.. (U is now (34641, 2000))
INFO:ridge_corr:Training stimulus has LSV norm: 2351.156
INFO:ridge_corr:Average difference between actual & assumed Prespvar: -0.002
INFO:ridge_corr:Training: alpha=1.000, mean corr=0.03330, max corr=0.20563, over-under(0.20)=1
INFO:ridge_corr:Training: alpha=2.154, mean corr=0.03331, max corr=0.20565, over-under(0.20)=1
INFO:ridge_corr:Training: alpha=4.642, mean corr=0.03333, max corr=0.20577, over-under(0.20)=1
INFO:ridge_corr:Training: alpha=10.000, mean corr=0.03341, max corr=0.20631, over-under(0.20)=1
INFO:ridge_corr:Training: alpha=21.544, mean corr=0.03374, max corr=0.20849, over-under(0.20)=1
INFO:ridge_corr:Training: alpha=46.416, mean corr=0.03453, max corr=0.21456, over-under(0.20)=1
INFO:ridge_corr:Training: alpha=100.000, mean corr=0.03454, max corr=0.22200, over-under(0.20)=1
INFO:ridge_corr:Training: alpha=215.443, mean corr=0.03144, max corr=0.22324, over-under(0.20)=1
INFO:ridge_corr:Training: alpha=464.159, mean corr=0.02669, max corr=0.22002, over-under(0.20)=1
INFO:ridge_corr:Training: alpha=1000.000, mean corr=0.02339, max corr=0.21576, over-under(0.20)=1
INFO:counter:1/1 items complete (28.21 seconds/item, 00:00:00 remaining)
INFO:ridge_corr:Finding single best alpha..
INFO:ridge_corr:Best alpha = 100.000
INFO:ridge_corr:Computing weights for each response using entire training set..
INFO:ridge_corr:Predicting responses for predictions set..
(35441, 2000) (3938, 2000) (35441, 444) (3938, 444)
(2000, 444)
(444,)
