INFO:ridge_corr:Selecting held-out test set..
INFO:ridge_corr:Doing SVD...
INFO:ridge_corr:Dropped 0 tiny singular values.. (U is now (34641, 1400))
INFO:ridge_corr:Training stimulus has LSV norm: 2353.713
INFO:ridge_corr:Average difference between actual & assumed Prespvar: -0.003
INFO:ridge_corr:Training: alpha=1.000, mean corr=0.03212, max corr=0.21156, over-under(0.20)=2
INFO:ridge_corr:Training: alpha=2.154, mean corr=0.03212, max corr=0.21157, over-under(0.20)=2
INFO:ridge_corr:Training: alpha=4.642, mean corr=0.03213, max corr=0.21161, over-under(0.20)=2
INFO:ridge_corr:Training: alpha=10.000, mean corr=0.03218, max corr=0.21184, over-under(0.20)=2
INFO:ridge_corr:Training: alpha=21.544, mean corr=0.03235, max corr=0.21274, over-under(0.20)=2
INFO:ridge_corr:Training: alpha=46.416, mean corr=0.03285, max corr=0.21519, over-under(0.20)=3
INFO:ridge_corr:Training: alpha=100.000, mean corr=0.03314, max corr=0.22057, over-under(0.20)=3
INFO:ridge_corr:Training: alpha=215.443, mean corr=0.03131, max corr=0.21079, over-under(0.20)=2
INFO:ridge_corr:Training: alpha=464.159, mean corr=0.02772, max corr=0.19540, over-under(0.20)=0
INFO:ridge_corr:Training: alpha=1000.000, mean corr=0.02458, max corr=0.18575, over-under(0.20)=0
INFO:counter:1/1 items complete (21.16 seconds/item, 00:00:00 remaining)
INFO:ridge_corr:Finding single best alpha..
INFO:ridge_corr:Best alpha = 100.000
INFO:ridge_corr:Computing weights for each response using entire training set..
INFO:ridge_corr:Predicting responses for predictions set..
(35441, 1400) (3938, 1400) (35441, 444) (3938, 444)
(1400, 444)
(444,)
