INFO:ridge_corr:Selecting held-out test set..
INFO:ridge_corr:Doing SVD...
INFO:ridge_corr:Dropped 0 tiny singular values.. (U is now (34641, 1400))
INFO:ridge_corr:Training stimulus has LSV norm: 2346.406
INFO:ridge_corr:Average difference between actual & assumed Prespvar: -0.017
INFO:ridge_corr:Training: alpha=1.000, mean corr=0.02895, max corr=0.18564, over-under(0.20)=0
INFO:ridge_corr:Training: alpha=2.154, mean corr=0.02895, max corr=0.18566, over-under(0.20)=0
INFO:ridge_corr:Training: alpha=4.642, mean corr=0.02895, max corr=0.18574, over-under(0.20)=0
INFO:ridge_corr:Training: alpha=10.000, mean corr=0.02895, max corr=0.18610, over-under(0.20)=0
INFO:ridge_corr:Training: alpha=21.544, mean corr=0.02894, max corr=0.18760, over-under(0.20)=0
INFO:ridge_corr:Training: alpha=46.416, mean corr=0.02879, max corr=0.19224, over-under(0.20)=0
INFO:ridge_corr:Training: alpha=100.000, mean corr=0.02790, max corr=0.19785, over-under(0.20)=0
INFO:ridge_corr:Training: alpha=215.443, mean corr=0.02566, max corr=0.19726, over-under(0.20)=0
INFO:ridge_corr:Training: alpha=464.159, mean corr=0.02303, max corr=0.19612, over-under(0.20)=0
INFO:ridge_corr:Training: alpha=1000.000, mean corr=0.02114, max corr=0.19564, over-under(0.20)=0
INFO:counter:1/1 items complete (20.51 seconds/item, 00:00:00 remaining)
INFO:ridge_corr:Finding single best alpha..
INFO:ridge_corr:Best alpha = 1.000
INFO:ridge_corr:Computing weights for each response using entire training set..
INFO:ridge_corr:Predicting responses for predictions set..
(35441, 1400) (3938, 1400) (35441, 444) (3938, 444)
(1400, 444)
(444,)
