INFO:ridge_corr:Selecting held-out test set..
INFO:ridge_corr:Doing SVD...
INFO:ridge_corr:Dropped 0 tiny singular values.. (U is now (34641, 1400))
INFO:ridge_corr:Training stimulus has LSV norm: 2351.251
INFO:ridge_corr:Average difference between actual & assumed Prespvar: -0.001
INFO:ridge_corr:Training: alpha=1.000, mean corr=0.03401, max corr=0.26854, over-under(0.20)=2
INFO:ridge_corr:Training: alpha=2.154, mean corr=0.03401, max corr=0.26856, over-under(0.20)=2
INFO:ridge_corr:Training: alpha=4.642, mean corr=0.03402, max corr=0.26868, over-under(0.20)=2
INFO:ridge_corr:Training: alpha=10.000, mean corr=0.03405, max corr=0.26920, over-under(0.20)=2
INFO:ridge_corr:Training: alpha=21.544, mean corr=0.03420, max corr=0.27133, over-under(0.20)=2
INFO:ridge_corr:Training: alpha=46.416, mean corr=0.03463, max corr=0.27713, over-under(0.20)=2
INFO:ridge_corr:Training: alpha=100.000, mean corr=0.03471, max corr=0.27938, over-under(0.20)=2
INFO:ridge_corr:Training: alpha=215.443, mean corr=0.03209, max corr=0.26641, over-under(0.20)=3
INFO:ridge_corr:Training: alpha=464.159, mean corr=0.02732, max corr=0.24933, over-under(0.20)=3
INFO:ridge_corr:Training: alpha=1000.000, mean corr=0.02369, max corr=0.23353, over-under(0.20)=2
INFO:counter:1/1 items complete (20.65 seconds/item, 00:00:00 remaining)
INFO:ridge_corr:Finding single best alpha..
INFO:ridge_corr:Best alpha = 100.000
INFO:ridge_corr:Computing weights for each response using entire training set..
INFO:ridge_corr:Predicting responses for predictions set..
(35441, 1400) (3938, 1400) (35441, 444) (3938, 444)
(1400, 444)
(444,)
