INFO:ridge_corr:Selecting held-out test set..
INFO:ridge_corr:Doing SVD...
INFO:ridge_corr:Dropped 0 tiny singular values.. (U is now (34641, 1500))
INFO:ridge_corr:Training stimulus has LSV norm: 2349.381
INFO:ridge_corr:Average difference between actual & assumed Prespvar: 0.000
INFO:ridge_corr:Training: alpha=1.000, mean corr=0.03639, max corr=0.25482, over-under(0.20)=1
INFO:ridge_corr:Training: alpha=1.668, mean corr=0.03639, max corr=0.25483, over-under(0.20)=1
INFO:ridge_corr:Training: alpha=2.783, mean corr=0.03640, max corr=0.25485, over-under(0.20)=1
INFO:ridge_corr:Training: alpha=4.642, mean corr=0.03641, max corr=0.25492, over-under(0.20)=1
INFO:ridge_corr:Training: alpha=7.743, mean corr=0.03643, max corr=0.25512, over-under(0.20)=1
INFO:ridge_corr:Training: alpha=12.915, mean corr=0.03651, max corr=0.25564, over-under(0.20)=1
INFO:ridge_corr:Training: alpha=21.544, mean corr=0.03669, max corr=0.25695, over-under(0.20)=1
INFO:ridge_corr:Training: alpha=35.938, mean corr=0.03709, max corr=0.25973, over-under(0.20)=1
INFO:ridge_corr:Training: alpha=59.948, mean corr=0.03763, max corr=0.26378, over-under(0.20)=2
INFO:ridge_corr:Training: alpha=100.000, mean corr=0.03771, max corr=0.26639, over-under(0.20)=2
INFO:counter:1/1 items complete (19.18 seconds/item, 00:00:00 remaining)
INFO:ridge_corr:Finding single best alpha..
INFO:ridge_corr:Best alpha = 100.000
INFO:ridge_corr:Computing weights for each response using entire training set..
INFO:ridge_corr:Predicting responses for predictions set..
(35441, 1500) (3938, 1500) (35441, 444) (3938, 444)
(1500, 444)
(444,)
