INFO:ridge_corr:Selecting held-out test set..
INFO:ridge_corr:Doing SVD...
INFO:ridge_corr:Dropped 0 tiny singular values.. (U is now (34641, 300))
INFO:ridge_corr:Training stimulus has LSV norm: 2350.195
INFO:ridge_corr:Average difference between actual & assumed Prespvar: 0.001
INFO:ridge_corr:Training: alpha=1.000, mean corr=0.02111, max corr=0.25287, over-under(0.20)=2
INFO:ridge_corr:Training: alpha=2.154, mean corr=0.02111, max corr=0.25287, over-under(0.20)=2
INFO:ridge_corr:Training: alpha=4.642, mean corr=0.02112, max corr=0.25288, over-under(0.20)=2
INFO:ridge_corr:Training: alpha=10.000, mean corr=0.02112, max corr=0.25293, over-under(0.20)=2
INFO:ridge_corr:Training: alpha=21.544, mean corr=0.02117, max corr=0.25316, over-under(0.20)=2
INFO:ridge_corr:Training: alpha=46.416, mean corr=0.02136, max corr=0.25413, over-under(0.20)=2
INFO:ridge_corr:Training: alpha=100.000, mean corr=0.02200, max corr=0.25702, over-under(0.20)=2
INFO:ridge_corr:Training: alpha=215.443, mean corr=0.02306, max corr=0.25884, over-under(0.20)=2
INFO:ridge_corr:Training: alpha=464.159, mean corr=0.02306, max corr=0.24866, over-under(0.20)=2
INFO:ridge_corr:Training: alpha=1000.000, mean corr=0.02174, max corr=0.22293, over-under(0.20)=2
INFO:counter:1/1 items complete (2.39 seconds/item, 00:00:00 remaining)
INFO:ridge_corr:Finding single best alpha..
INFO:ridge_corr:Best alpha = 215.443
INFO:ridge_corr:Computing weights for each response using entire training set..
INFO:ridge_corr:Predicting responses for predictions set..
(35441, 300) (3938, 300) (35441, 444) (3938, 444)
(300, 444)
(444,)
