INFO:ridge_corr:Selecting held-out test set..
INFO:ridge_corr:Doing SVD...
INFO:ridge_corr:Dropped 0 tiny singular values.. (U is now (34641, 1500))
INFO:ridge_corr:Training stimulus has LSV norm: 2351.084
INFO:ridge_corr:Average difference between actual & assumed Prespvar: 0.015
INFO:ridge_corr:Training: alpha=1.000, mean corr=0.03291, max corr=0.31161, over-under(0.20)=4
INFO:ridge_corr:Training: alpha=2.154, mean corr=0.03291, max corr=0.31162, over-under(0.20)=4
INFO:ridge_corr:Training: alpha=4.642, mean corr=0.03292, max corr=0.31168, over-under(0.20)=4
INFO:ridge_corr:Training: alpha=10.000, mean corr=0.03296, max corr=0.31193, over-under(0.20)=4
INFO:ridge_corr:Training: alpha=21.544, mean corr=0.03314, max corr=0.31292, over-under(0.20)=4
INFO:ridge_corr:Training: alpha=46.416, mean corr=0.03367, max corr=0.31516, over-under(0.20)=4
INFO:ridge_corr:Training: alpha=100.000, mean corr=0.03413, max corr=0.31175, over-under(0.20)=4
INFO:ridge_corr:Training: alpha=215.443, mean corr=0.03302, max corr=0.29318, over-under(0.20)=3
INFO:ridge_corr:Training: alpha=464.159, mean corr=0.03062, max corr=0.27696, over-under(0.20)=2
INFO:ridge_corr:Training: alpha=1000.000, mean corr=0.02821, max corr=0.26782, over-under(0.20)=2
INFO:counter:1/1 items complete (18.97 seconds/item, 00:00:00 remaining)
INFO:ridge_corr:Finding single best alpha..
INFO:ridge_corr:Best alpha = 100.000
INFO:ridge_corr:Computing weights for each response using entire training set..
INFO:ridge_corr:Predicting responses for predictions set..
(35441, 1500) (3938, 1500) (35441, 444) (3938, 444)
(1500, 444)
(444,)
